May 01, 2019 6:40:14 PM scala.meta.internal.pc.CompilerAccess handleError
SEVERE: String index out of range: 1
java.lang.StringIndexOutOfBoundsException: String index out of range: 1
	at java.lang.String.charAt(String.java:658)
	at scala.meta.internal.pc.Completions.isSnippetEnabled(Completions.scala:1607)
	at scala.meta.internal.pc.Completions.isSnippetEnabled$(Completions.scala:1606)
	at scala.meta.internal.pc.MetalsGlobal.isSnippetEnabled(MetalsGlobal.scala:22)
	at scala.meta.internal.pc.CompletionProvider.completions(CompletionProvider.scala:46)

May 01, 2019 6:40:18 PM scala.meta.internal.pc.CompilerAccess handleError
SEVERE: String index out of range: 2
java.lang.StringIndexOutOfBoundsException: String index out of range: 2
	at java.lang.String.charAt(String.java:658)
	at scala.meta.internal.pc.Completions.isSnippetEnabled(Completions.scala:1607)
	at scala.meta.internal.pc.Completions.isSnippetEnabled$(Completions.scala:1606)
	at scala.meta.internal.pc.MetalsGlobal.isSnippetEnabled(MetalsGlobal.scala:22)
	at scala.meta.internal.pc.CompletionProvider.completions(CompletionProvider.scala:46)

May 01, 2019 6:40:18 PM scala.meta.internal.pc.CompilerAccess handleError
SEVERE: String index out of range: 3
java.lang.StringIndexOutOfBoundsException: String index out of range: 3
	at java.lang.String.charAt(String.java:658)
	at scala.meta.internal.pc.Completions.isSnippetEnabled(Completions.scala:1607)
	at scala.meta.internal.pc.Completions.isSnippetEnabled$(Completions.scala:1606)
	at scala.meta.internal.pc.MetalsGlobal.isSnippetEnabled(MetalsGlobal.scala:22)
	at scala.meta.internal.pc.CompletionProvider.completions(CompletionProvider.scala:46)

May 01, 2019 6:40:19 PM scala.meta.internal.pc.CompilerAccess handleError
SEVERE: String index out of range: 4
java.lang.StringIndexOutOfBoundsException: String index out of range: 4
	at java.lang.String.charAt(String.java:658)
	at scala.meta.internal.pc.Completions.isSnippetEnabled(Completions.scala:1607)
	at scala.meta.internal.pc.Completions.isSnippetEnabled$(Completions.scala:1606)
	at scala.meta.internal.pc.MetalsGlobal.isSnippetEnabled(MetalsGlobal.scala:22)
	at scala.meta.internal.pc.CompletionProvider.completions(CompletionProvider.scala:46)

May 01, 2019 6:40:19 PM scala.meta.internal.pc.CompilerAccess handleError
SEVERE: String index out of range: 5
java.lang.StringIndexOutOfBoundsException: String index out of range: 5
	at java.lang.String.charAt(String.java:658)
	at scala.meta.internal.pc.Completions.isSnippetEnabled(Completions.scala:1607)
	at scala.meta.internal.pc.Completions.isSnippetEnabled$(Completions.scala:1606)
	at scala.meta.internal.pc.MetalsGlobal.isSnippetEnabled(MetalsGlobal.scala:22)
	at scala.meta.internal.pc.CompletionProvider.completions(CompletionProvider.scala:46)

May 01, 2019 6:40:19 PM scala.meta.internal.pc.CompilerAccess handleError
SEVERE: String index out of range: 6
java.lang.StringIndexOutOfBoundsException: String index out of range: 6
	at java.lang.String.charAt(String.java:658)
	at scala.meta.internal.pc.Completions.isSnippetEnabled(Completions.scala:1607)
	at scala.meta.internal.pc.Completions.isSnippetEnabled$(Completions.scala:1606)
	at scala.meta.internal.pc.MetalsGlobal.isSnippetEnabled(MetalsGlobal.scala:22)
	at scala.meta.internal.pc.CompletionProvider.completions(CompletionProvider.scala:46)

May 01, 2019 6:40:19 PM scala.meta.internal.pc.CompilerAccess handleError
SEVERE: String index out of range: 7
java.lang.StringIndexOutOfBoundsException: String index out of range: 7
	at java.lang.String.charAt(String.java:658)
	at scala.meta.internal.pc.Completions.isSnippetEnabled(Completions.scala:1607)
	at scala.meta.internal.pc.Completions.isSnippetEnabled$(Completions.scala:1606)
	at scala.meta.internal.pc.MetalsGlobal.isSnippetEnabled(MetalsGlobal.scala:22)
	at scala.meta.internal.pc.CompletionProvider.completions(CompletionProvider.scala:46)

May 01, 2019 6:40:21 PM scala.meta.internal.pc.CompilerAccess handleError
SEVERE: String index out of range: 9
java.lang.StringIndexOutOfBoundsException: String index out of range: 9
	at java.lang.String.charAt(String.java:658)
	at scala.meta.internal.pc.Completions.isSnippetEnabled(Completions.scala:1607)
	at scala.meta.internal.pc.Completions.isSnippetEnabled$(Completions.scala:1606)
	at scala.meta.internal.pc.MetalsGlobal.isSnippetEnabled(MetalsGlobal.scala:22)
	at scala.meta.internal.pc.CompletionProvider.completions(CompletionProvider.scala:46)

May 01, 2019 6:40:22 PM scala.meta.internal.pc.CompilerAccess handleError
SEVERE: String index out of range: 10
java.lang.StringIndexOutOfBoundsException: String index out of range: 10
	at java.lang.String.charAt(String.java:658)
	at scala.meta.internal.pc.Completions.isSnippetEnabled(Completions.scala:1607)
	at scala.meta.internal.pc.Completions.isSnippetEnabled$(Completions.scala:1606)
	at scala.meta.internal.pc.MetalsGlobal.isSnippetEnabled(MetalsGlobal.scala:22)
	at scala.meta.internal.pc.CompletionProvider.completions(CompletionProvider.scala:46)

May 01, 2019 6:40:22 PM scala.meta.internal.pc.CompilerAccess handleError
SEVERE: String index out of range: 11
java.lang.StringIndexOutOfBoundsException: String index out of range: 11
	at java.lang.String.charAt(String.java:658)
	at scala.meta.internal.pc.Completions.isSnippetEnabled(Completions.scala:1607)
	at scala.meta.internal.pc.Completions.isSnippetEnabled$(Completions.scala:1606)
	at scala.meta.internal.pc.MetalsGlobal.isSnippetEnabled(MetalsGlobal.scala:22)
	at scala.meta.internal.pc.CompletionProvider.completions(CompletionProvider.scala:46)

May 01, 2019 6:40:23 PM scala.meta.internal.pc.CompilerAccess handleError
SEVERE: String index out of range: 12
java.lang.StringIndexOutOfBoundsException: String index out of range: 12
	at java.lang.String.charAt(String.java:658)
	at scala.meta.internal.pc.Completions.isSnippetEnabled(Completions.scala:1607)
	at scala.meta.internal.pc.Completions.isSnippetEnabled$(Completions.scala:1606)
	at scala.meta.internal.pc.MetalsGlobal.isSnippetEnabled(MetalsGlobal.scala:22)
	at scala.meta.internal.pc.CompletionProvider.completions(CompletionProvider.scala:46)

May 01, 2019 6:40:24 PM scala.meta.internal.pc.CompilerAccess handleError
SEVERE: String index out of range: 13
java.lang.StringIndexOutOfBoundsException: String index out of range: 13
	at java.lang.String.charAt(String.java:658)
	at scala.meta.internal.pc.Completions.isSnippetEnabled(Completions.scala:1607)
	at scala.meta.internal.pc.Completions.isSnippetEnabled$(Completions.scala:1606)
	at scala.meta.internal.pc.MetalsGlobal.isSnippetEnabled(MetalsGlobal.scala:22)
	at scala.meta.internal.pc.CompletionProvider.completions(CompletionProvider.scala:46)

May 01, 2019 6:40:24 PM scala.meta.internal.pc.CompilerAccess handleError
SEVERE: String index out of range: 14
java.lang.StringIndexOutOfBoundsException: String index out of range: 14
	at java.lang.String.charAt(String.java:658)
	at scala.meta.internal.pc.Completions.isSnippetEnabled(Completions.scala:1607)
	at scala.meta.internal.pc.Completions.isSnippetEnabled$(Completions.scala:1606)
	at scala.meta.internal.pc.MetalsGlobal.isSnippetEnabled(MetalsGlobal.scala:22)
	at scala.meta.internal.pc.CompletionProvider.completions(CompletionProvider.scala:46)

May 01, 2019 6:40:26 PM scala.meta.internal.pc.CompilerAccess handleError
SEVERE: String index out of range: 15
java.lang.StringIndexOutOfBoundsException: String index out of range: 15
	at java.lang.String.charAt(String.java:658)
	at scala.meta.internal.pc.Completions.isSnippetEnabled(Completions.scala:1607)
	at scala.meta.internal.pc.Completions.isSnippetEnabled$(Completions.scala:1606)
	at scala.meta.internal.pc.MetalsGlobal.isSnippetEnabled(MetalsGlobal.scala:22)
	at scala.meta.internal.pc.CompletionProvider.completions(CompletionProvider.scala:46)

May 01, 2019 6:40:26 PM scala.meta.internal.pc.CompilerAccess handleError
SEVERE: String index out of range: 16
java.lang.StringIndexOutOfBoundsException: String index out of range: 16
	at java.lang.String.charAt(String.java:658)
	at scala.meta.internal.pc.Completions.isSnippetEnabled(Completions.scala:1607)
	at scala.meta.internal.pc.Completions.isSnippetEnabled$(Completions.scala:1606)
	at scala.meta.internal.pc.MetalsGlobal.isSnippetEnabled(MetalsGlobal.scala:22)
	at scala.meta.internal.pc.CompletionProvider.completions(CompletionProvider.scala:46)

May 01, 2019 6:40:26 PM scala.meta.internal.pc.CompilerAccess handleError
SEVERE: String index out of range: 17
java.lang.StringIndexOutOfBoundsException: String index out of range: 17
	at java.lang.String.charAt(String.java:658)
	at scala.meta.internal.pc.Completions.isSnippetEnabled(Completions.scala:1607)
	at scala.meta.internal.pc.Completions.isSnippetEnabled$(Completions.scala:1606)
	at scala.meta.internal.pc.MetalsGlobal.isSnippetEnabled(MetalsGlobal.scala:22)
	at scala.meta.internal.pc.CompletionProvider.completions(CompletionProvider.scala:46)

May 01, 2019 6:40:26 PM scala.meta.internal.pc.CompilerAccess handleError
SEVERE: String index out of range: 18
java.lang.StringIndexOutOfBoundsException: String index out of range: 18
	at java.lang.String.charAt(String.java:658)
	at scala.meta.internal.pc.Completions.isSnippetEnabled(Completions.scala:1607)
	at scala.meta.internal.pc.Completions.isSnippetEnabled$(Completions.scala:1606)
	at scala.meta.internal.pc.MetalsGlobal.isSnippetEnabled(MetalsGlobal.scala:22)
	at scala.meta.internal.pc.CompletionProvider.completions(CompletionProvider.scala:46)

May 01, 2019 6:40:26 PM scala.meta.internal.pc.CompilerAccess handleError
SEVERE: String index out of range: 19
java.lang.StringIndexOutOfBoundsException: String index out of range: 19
	at java.lang.String.charAt(String.java:658)
	at scala.meta.internal.pc.Completions.isSnippetEnabled(Completions.scala:1607)
	at scala.meta.internal.pc.Completions.isSnippetEnabled$(Completions.scala:1606)
	at scala.meta.internal.pc.MetalsGlobal.isSnippetEnabled(MetalsGlobal.scala:22)
	at scala.meta.internal.pc.CompletionProvider.completions(CompletionProvider.scala:46)

May 01, 2019 6:40:46 PM scala.meta.internal.pc.CompilerAccess handleError
SEVERE: String index out of range: 22
java.lang.StringIndexOutOfBoundsException: String index out of range: 22
	at java.lang.String.charAt(String.java:658)
	at scala.meta.internal.pc.Completions.isSnippetEnabled(Completions.scala:1607)
	at scala.meta.internal.pc.Completions.isSnippetEnabled$(Completions.scala:1606)
	at scala.meta.internal.pc.MetalsGlobal.isSnippetEnabled(MetalsGlobal.scala:22)
	at scala.meta.internal.pc.CompletionProvider.completions(CompletionProvider.scala:46)

May 01, 2019 6:40:46 PM scala.meta.internal.pc.CompilerAccess handleError
SEVERE: String index out of range: 24
java.lang.StringIndexOutOfBoundsException: String index out of range: 24
	at java.lang.String.charAt(String.java:658)
	at scala.meta.internal.pc.Completions.isSnippetEnabled(Completions.scala:1607)
	at scala.meta.internal.pc.Completions.isSnippetEnabled$(Completions.scala:1606)
	at scala.meta.internal.pc.MetalsGlobal.isSnippetEnabled(MetalsGlobal.scala:22)
	at scala.meta.internal.pc.CompletionProvider.completions(CompletionProvider.scala:46)

May 01, 2019 6:40:46 PM scala.meta.internal.pc.CompilerAccess handleError
SEVERE: String index out of range: 25
java.lang.StringIndexOutOfBoundsException: String index out of range: 25
	at java.lang.String.charAt(String.java:658)
	at scala.meta.internal.pc.Completions.isSnippetEnabled(Completions.scala:1607)
	at scala.meta.internal.pc.Completions.isSnippetEnabled$(Completions.scala:1606)
	at scala.meta.internal.pc.MetalsGlobal.isSnippetEnabled(MetalsGlobal.scala:22)
	at scala.meta.internal.pc.CompletionProvider.completions(CompletionProvider.scala:46)

May 01, 2019 6:40:48 PM scala.meta.internal.pc.CompilerAccess handleError
SEVERE: String index out of range: 23
java.lang.StringIndexOutOfBoundsException: String index out of range: 23
	at java.lang.String.charAt(String.java:658)
	at scala.meta.internal.pc.Completions.isSnippetEnabled(Completions.scala:1607)
	at scala.meta.internal.pc.Completions.isSnippetEnabled$(Completions.scala:1606)
	at scala.meta.internal.pc.MetalsGlobal.isSnippetEnabled(MetalsGlobal.scala:22)
	at scala.meta.internal.pc.CompletionProvider.completions(CompletionProvider.scala:46)

May 01, 2019 6:40:48 PM scala.meta.internal.pc.CompilerAccess handleError
SEVERE: String index out of range: 25
java.lang.StringIndexOutOfBoundsException: String index out of range: 25
	at java.lang.String.charAt(String.java:658)
	at scala.meta.internal.pc.Completions.isSnippetEnabled(Completions.scala:1607)
	at scala.meta.internal.pc.Completions.isSnippetEnabled$(Completions.scala:1606)
	at scala.meta.internal.pc.MetalsGlobal.isSnippetEnabled(MetalsGlobal.scala:22)
	at scala.meta.internal.pc.CompletionProvider.completions(CompletionProvider.scala:46)

May 01, 2019 6:40:49 PM scala.meta.internal.pc.CompilerAccess handleError
SEVERE: String index out of range: 26
java.lang.StringIndexOutOfBoundsException: String index out of range: 26
	at java.lang.String.charAt(String.java:658)
	at scala.meta.internal.pc.Completions.isSnippetEnabled(Completions.scala:1607)
	at scala.meta.internal.pc.Completions.isSnippetEnabled$(Completions.scala:1606)
	at scala.meta.internal.pc.MetalsGlobal.isSnippetEnabled(MetalsGlobal.scala:22)
	at scala.meta.internal.pc.CompletionProvider.completions(CompletionProvider.scala:46)

May 01, 2019 6:40:50 PM scala.meta.internal.pc.CompilerAccess handleError
SEVERE: String index out of range: 28
java.lang.StringIndexOutOfBoundsException: String index out of range: 28
	at java.lang.String.charAt(String.java:658)
	at scala.meta.internal.pc.Completions.isSnippetEnabled(Completions.scala:1607)
	at scala.meta.internal.pc.Completions.isSnippetEnabled$(Completions.scala:1606)
	at scala.meta.internal.pc.MetalsGlobal.isSnippetEnabled(MetalsGlobal.scala:22)
	at scala.meta.internal.pc.CompletionProvider.completions(CompletionProvider.scala:46)

May 01, 2019 6:40:52 PM scala.meta.internal.pc.CompilerAccess handleError
SEVERE: String index out of range: 28
java.lang.StringIndexOutOfBoundsException: String index out of range: 28
	at java.lang.String.charAt(String.java:658)
	at scala.meta.internal.pc.Completions.isSnippetEnabled(Completions.scala:1607)
	at scala.meta.internal.pc.Completions.isSnippetEnabled$(Completions.scala:1606)
	at scala.meta.internal.pc.MetalsGlobal.isSnippetEnabled(MetalsGlobal.scala:22)
	at scala.meta.internal.pc.CompletionProvider.completions(CompletionProvider.scala:46)

May 01, 2019 6:40:52 PM scala.meta.internal.pc.CompilerAccess handleError
SEVERE: String index out of range: 29
java.lang.StringIndexOutOfBoundsException: String index out of range: 29
	at java.lang.String.charAt(String.java:658)
	at scala.meta.internal.pc.Completions.isSnippetEnabled(Completions.scala:1607)
	at scala.meta.internal.pc.Completions.isSnippetEnabled$(Completions.scala:1606)
	at scala.meta.internal.pc.MetalsGlobal.isSnippetEnabled(MetalsGlobal.scala:22)
	at scala.meta.internal.pc.CompletionProvider.completions(CompletionProvider.scala:46)

May 01, 2019 6:40:53 PM scala.meta.internal.pc.CompilerAccess handleError
SEVERE: String index out of range: 30
java.lang.StringIndexOutOfBoundsException: String index out of range: 30
	at java.lang.String.charAt(String.java:658)
	at scala.meta.internal.pc.Completions.isSnippetEnabled(Completions.scala:1607)
	at scala.meta.internal.pc.Completions.isSnippetEnabled$(Completions.scala:1606)
	at scala.meta.internal.pc.MetalsGlobal.isSnippetEnabled(MetalsGlobal.scala:22)
	at scala.meta.internal.pc.CompletionProvider.completions(CompletionProvider.scala:46)

May 01, 2019 6:40:54 PM scala.meta.internal.pc.CompilerAccess handleError
SEVERE: String index out of range: 31
java.lang.StringIndexOutOfBoundsException: String index out of range: 31
	at java.lang.String.charAt(String.java:658)
	at scala.meta.internal.pc.Completions.isSnippetEnabled(Completions.scala:1607)
	at scala.meta.internal.pc.Completions.isSnippetEnabled$(Completions.scala:1606)
	at scala.meta.internal.pc.MetalsGlobal.isSnippetEnabled(MetalsGlobal.scala:22)
	at scala.meta.internal.pc.CompletionProvider.completions(CompletionProvider.scala:46)

May 01, 2019 6:40:56 PM scala.meta.internal.pc.CompilerAccess handleError
SEVERE: String index out of range: 32
java.lang.StringIndexOutOfBoundsException: String index out of range: 32
	at java.lang.String.charAt(String.java:658)
	at scala.meta.internal.pc.Completions.isSnippetEnabled(Completions.scala:1607)
	at scala.meta.internal.pc.Completions.isSnippetEnabled$(Completions.scala:1606)
	at scala.meta.internal.pc.MetalsGlobal.isSnippetEnabled(MetalsGlobal.scala:22)
	at scala.meta.internal.pc.CompletionProvider.completions(CompletionProvider.scala:46)

May 01, 2019 6:40:56 PM scala.meta.internal.pc.CompilerAccess handleError
SEVERE: String index out of range: 33
java.lang.StringIndexOutOfBoundsException: String index out of range: 33
	at java.lang.String.charAt(String.java:658)
	at scala.meta.internal.pc.Completions.isSnippetEnabled(Completions.scala:1607)
	at scala.meta.internal.pc.Completions.isSnippetEnabled$(Completions.scala:1606)
	at scala.meta.internal.pc.MetalsGlobal.isSnippetEnabled(MetalsGlobal.scala:22)
	at scala.meta.internal.pc.CompletionProvider.completions(CompletionProvider.scala:46)

May 01, 2019 6:40:56 PM scala.meta.internal.pc.CompilerAccess handleError
SEVERE: String index out of range: 34
java.lang.StringIndexOutOfBoundsException: String index out of range: 34
	at java.lang.String.charAt(String.java:658)
	at scala.meta.internal.pc.Completions.isSnippetEnabled(Completions.scala:1607)
	at scala.meta.internal.pc.Completions.isSnippetEnabled$(Completions.scala:1606)
	at scala.meta.internal.pc.MetalsGlobal.isSnippetEnabled(MetalsGlobal.scala:22)
	at scala.meta.internal.pc.CompletionProvider.completions(CompletionProvider.scala:46)

May 01, 2019 6:40:56 PM scala.meta.internal.pc.CompilerAccess handleError
SEVERE: String index out of range: 35
java.lang.StringIndexOutOfBoundsException: String index out of range: 35
	at java.lang.String.charAt(String.java:658)
	at scala.meta.internal.pc.Completions.isSnippetEnabled(Completions.scala:1607)
	at scala.meta.internal.pc.Completions.isSnippetEnabled$(Completions.scala:1606)
	at scala.meta.internal.pc.MetalsGlobal.isSnippetEnabled(MetalsGlobal.scala:22)
	at scala.meta.internal.pc.CompletionProvider.completions(CompletionProvider.scala:46)

May 01, 2019 6:40:57 PM scala.meta.internal.pc.CompilerAccess handleError
SEVERE: String index out of range: 36
java.lang.StringIndexOutOfBoundsException: String index out of range: 36
	at java.lang.String.charAt(String.java:658)
	at scala.meta.internal.pc.Completions.isSnippetEnabled(Completions.scala:1607)
	at scala.meta.internal.pc.Completions.isSnippetEnabled$(Completions.scala:1606)
	at scala.meta.internal.pc.MetalsGlobal.isSnippetEnabled(MetalsGlobal.scala:22)
	at scala.meta.internal.pc.CompletionProvider.completions(CompletionProvider.scala:46)

May 01, 2019 6:40:57 PM scala.meta.internal.pc.CompilerAccess handleError
SEVERE: String index out of range: 37
java.lang.StringIndexOutOfBoundsException: String index out of range: 37
	at java.lang.String.charAt(String.java:658)
	at scala.meta.internal.pc.Completions.isSnippetEnabled(Completions.scala:1607)
	at scala.meta.internal.pc.Completions.isSnippetEnabled$(Completions.scala:1606)
	at scala.meta.internal.pc.MetalsGlobal.isSnippetEnabled(MetalsGlobal.scala:22)
	at scala.meta.internal.pc.CompletionProvider.completions(CompletionProvider.scala:46)

May 01, 2019 6:40:57 PM scala.meta.internal.pc.CompilerAccess handleError
SEVERE: String index out of range: 38
java.lang.StringIndexOutOfBoundsException: String index out of range: 38
	at java.lang.String.charAt(String.java:658)
	at scala.meta.internal.pc.Completions.isSnippetEnabled(Completions.scala:1607)
	at scala.meta.internal.pc.Completions.isSnippetEnabled$(Completions.scala:1606)
	at scala.meta.internal.pc.MetalsGlobal.isSnippetEnabled(MetalsGlobal.scala:22)
	at scala.meta.internal.pc.CompletionProvider.completions(CompletionProvider.scala:46)

May 01, 2019 6:40:57 PM scala.meta.internal.pc.CompilerAccess handleError
SEVERE: String index out of range: 39
java.lang.StringIndexOutOfBoundsException: String index out of range: 39
	at java.lang.String.charAt(String.java:658)
	at scala.meta.internal.pc.Completions.isSnippetEnabled(Completions.scala:1607)
	at scala.meta.internal.pc.Completions.isSnippetEnabled$(Completions.scala:1606)
	at scala.meta.internal.pc.MetalsGlobal.isSnippetEnabled(MetalsGlobal.scala:22)
	at scala.meta.internal.pc.CompletionProvider.completions(CompletionProvider.scala:46)

May 01, 2019 6:40:57 PM scala.meta.internal.pc.CompilerAccess handleError
SEVERE: String index out of range: 40
java.lang.StringIndexOutOfBoundsException: String index out of range: 40
	at java.lang.String.charAt(String.java:658)
	at scala.meta.internal.pc.Completions.isSnippetEnabled(Completions.scala:1607)
	at scala.meta.internal.pc.Completions.isSnippetEnabled$(Completions.scala:1606)
	at scala.meta.internal.pc.MetalsGlobal.isSnippetEnabled(MetalsGlobal.scala:22)
	at scala.meta.internal.pc.CompletionProvider.completions(CompletionProvider.scala:46)

May 01, 2019 6:40:57 PM scala.meta.internal.pc.CompilerAccess handleError
SEVERE: String index out of range: 41
java.lang.StringIndexOutOfBoundsException: String index out of range: 41
	at java.lang.String.charAt(String.java:658)
	at scala.meta.internal.pc.Completions.isSnippetEnabled(Completions.scala:1607)
	at scala.meta.internal.pc.Completions.isSnippetEnabled$(Completions.scala:1606)
	at scala.meta.internal.pc.MetalsGlobal.isSnippetEnabled(MetalsGlobal.scala:22)
	at scala.meta.internal.pc.CompletionProvider.completions(CompletionProvider.scala:46)

May 01, 2019 6:40:59 PM scala.meta.internal.pc.CompilerAccess handleError
SEVERE: String index out of range: 43
java.lang.StringIndexOutOfBoundsException: String index out of range: 43
	at java.lang.String.charAt(String.java:658)
	at scala.meta.internal.pc.Completions.isSnippetEnabled(Completions.scala:1607)
	at scala.meta.internal.pc.Completions.isSnippetEnabled$(Completions.scala:1606)
	at scala.meta.internal.pc.MetalsGlobal.isSnippetEnabled(MetalsGlobal.scala:22)
	at scala.meta.internal.pc.CompletionProvider.completions(CompletionProvider.scala:46)

May 01, 2019 6:41:00 PM scala.meta.internal.pc.CompilerAccess handleError
SEVERE: String index out of range: 44
java.lang.StringIndexOutOfBoundsException: String index out of range: 44
	at java.lang.String.charAt(String.java:658)
	at scala.meta.internal.pc.Completions.isSnippetEnabled(Completions.scala:1607)
	at scala.meta.internal.pc.Completions.isSnippetEnabled$(Completions.scala:1606)
	at scala.meta.internal.pc.MetalsGlobal.isSnippetEnabled(MetalsGlobal.scala:22)
	at scala.meta.internal.pc.CompletionProvider.completions(CompletionProvider.scala:46)

May 01, 2019 6:41:00 PM scala.meta.internal.pc.CompilerAccess handleError
SEVERE: String index out of range: 45
java.lang.StringIndexOutOfBoundsException: String index out of range: 45
	at java.lang.String.charAt(String.java:658)
	at scala.meta.internal.pc.Completions.isSnippetEnabled(Completions.scala:1607)
	at scala.meta.internal.pc.Completions.isSnippetEnabled$(Completions.scala:1606)
	at scala.meta.internal.pc.MetalsGlobal.isSnippetEnabled(MetalsGlobal.scala:22)
	at scala.meta.internal.pc.CompletionProvider.completions(CompletionProvider.scala:46)

May 01, 2019 6:41:00 PM scala.meta.internal.pc.CompilerAccess handleError
SEVERE: String index out of range: 46
java.lang.StringIndexOutOfBoundsException: String index out of range: 46
	at java.lang.String.charAt(String.java:658)
	at scala.meta.internal.pc.Completions.isSnippetEnabled(Completions.scala:1607)
	at scala.meta.internal.pc.Completions.isSnippetEnabled$(Completions.scala:1606)
	at scala.meta.internal.pc.MetalsGlobal.isSnippetEnabled(MetalsGlobal.scala:22)
	at scala.meta.internal.pc.CompletionProvider.completions(CompletionProvider.scala:46)

May 01, 2019 6:41:01 PM scala.meta.internal.pc.CompilerAccess handleError
SEVERE: String index out of range: 47
java.lang.StringIndexOutOfBoundsException: String index out of range: 47
	at java.lang.String.charAt(String.java:658)
	at scala.meta.internal.pc.Completions.isSnippetEnabled(Completions.scala:1607)
	at scala.meta.internal.pc.Completions.isSnippetEnabled$(Completions.scala:1606)
	at scala.meta.internal.pc.MetalsGlobal.isSnippetEnabled(MetalsGlobal.scala:22)
	at scala.meta.internal.pc.CompletionProvider.completions(CompletionProvider.scala:46)

May 01, 2019 6:41:01 PM scala.meta.internal.pc.CompilerAccess handleError
SEVERE: String index out of range: 48
java.lang.StringIndexOutOfBoundsException: String index out of range: 48
	at java.lang.String.charAt(String.java:658)
	at scala.meta.internal.pc.Completions.isSnippetEnabled(Completions.scala:1607)
	at scala.meta.internal.pc.Completions.isSnippetEnabled$(Completions.scala:1606)
	at scala.meta.internal.pc.MetalsGlobal.isSnippetEnabled(MetalsGlobal.scala:22)
	at scala.meta.internal.pc.CompletionProvider.completions(CompletionProvider.scala:46)

May 01, 2019 6:41:01 PM scala.meta.internal.pc.CompilerAccess handleError
SEVERE: String index out of range: 49
java.lang.StringIndexOutOfBoundsException: String index out of range: 49
	at java.lang.String.charAt(String.java:658)
	at scala.meta.internal.pc.Completions.isSnippetEnabled(Completions.scala:1607)
	at scala.meta.internal.pc.Completions.isSnippetEnabled$(Completions.scala:1606)
	at scala.meta.internal.pc.MetalsGlobal.isSnippetEnabled(MetalsGlobal.scala:22)
	at scala.meta.internal.pc.CompletionProvider.completions(CompletionProvider.scala:46)

May 01, 2019 6:41:02 PM scala.meta.internal.pc.CompilerAccess handleError
SEVERE: String index out of range: 51
java.lang.StringIndexOutOfBoundsException: String index out of range: 51
	at java.lang.String.charAt(String.java:658)
	at scala.meta.internal.pc.Completions.isSnippetEnabled(Completions.scala:1607)
	at scala.meta.internal.pc.Completions.isSnippetEnabled$(Completions.scala:1606)
	at scala.meta.internal.pc.MetalsGlobal.isSnippetEnabled(MetalsGlobal.scala:22)
	at scala.meta.internal.pc.CompletionProvider.completions(CompletionProvider.scala:46)

May 01, 2019 6:41:06 PM org.eclipse.lsp4j.jsonrpc.RemoteEndpoint handleCancellation
WARNING: Unmatched cancel notification for request id 185
May 01, 2019 6:42:44 PM scala.meta.internal.pc.CompilerAccess handleError
SEVERE: null
java.lang.NullPointerException
	at scala.meta.internal.pc.HoverProvider.hover(HoverProvider.scala:37)

May 01, 2019 6:42:44 PM scala.meta.internal.pc.CompilerAccess handleError
SEVERE: null
java.lang.NullPointerException
	at scala.meta.internal.pc.HoverProvider.hover(HoverProvider.scala:37)

May 01, 2019 6:42:45 PM scala.meta.internal.pc.CompilerAccess handleError
SEVERE: null
java.lang.NullPointerException
	at scala.meta.internal.pc.HoverProvider.hover(HoverProvider.scala:37)

May 01, 2019 7:01:04 PM scala.meta.internal.pc.CompilerAccess handleError
SEVERE: String index out of range: 2
java.lang.StringIndexOutOfBoundsException: String index out of range: 2
	at java.lang.String.charAt(String.java:658)
	at scala.meta.internal.pc.Completions.isSnippetEnabled(Completions.scala:1607)
	at scala.meta.internal.pc.Completions.isSnippetEnabled$(Completions.scala:1606)
	at scala.meta.internal.pc.MetalsGlobal.isSnippetEnabled(MetalsGlobal.scala:22)
	at scala.meta.internal.pc.CompletionProvider.completions(CompletionProvider.scala:46)

May 01, 2019 7:01:04 PM scala.meta.internal.pc.CompilerAccess handleError
SEVERE: String index out of range: 3
java.lang.StringIndexOutOfBoundsException: String index out of range: 3
	at java.lang.String.charAt(String.java:658)
	at scala.meta.internal.pc.Completions.isSnippetEnabled(Completions.scala:1607)
	at scala.meta.internal.pc.Completions.isSnippetEnabled$(Completions.scala:1606)
	at scala.meta.internal.pc.MetalsGlobal.isSnippetEnabled(MetalsGlobal.scala:22)
	at scala.meta.internal.pc.CompletionProvider.completions(CompletionProvider.scala:46)

May 01, 2019 7:01:05 PM scala.meta.internal.pc.CompilerAccess handleError
SEVERE: String index out of range: 4
java.lang.StringIndexOutOfBoundsException: String index out of range: 4
	at java.lang.String.charAt(String.java:658)
	at scala.meta.internal.pc.Completions.isSnippetEnabled(Completions.scala:1607)
	at scala.meta.internal.pc.Completions.isSnippetEnabled$(Completions.scala:1606)
	at scala.meta.internal.pc.MetalsGlobal.isSnippetEnabled(MetalsGlobal.scala:22)
	at scala.meta.internal.pc.CompletionProvider.completions(CompletionProvider.scala:46)

May 01, 2019 7:01:05 PM scala.meta.internal.pc.CompilerAccess handleError
SEVERE: String index out of range: 5
java.lang.StringIndexOutOfBoundsException: String index out of range: 5
	at java.lang.String.charAt(String.java:658)
	at scala.meta.internal.pc.Completions.isSnippetEnabled(Completions.scala:1607)
	at scala.meta.internal.pc.Completions.isSnippetEnabled$(Completions.scala:1606)
	at scala.meta.internal.pc.MetalsGlobal.isSnippetEnabled(MetalsGlobal.scala:22)
	at scala.meta.internal.pc.CompletionProvider.completions(CompletionProvider.scala:46)

May 01, 2019 7:01:05 PM scala.meta.internal.pc.CompilerAccess handleError
SEVERE: String index out of range: 6
java.lang.StringIndexOutOfBoundsException: String index out of range: 6
	at java.lang.String.charAt(String.java:658)
	at scala.meta.internal.pc.Completions.isSnippetEnabled(Completions.scala:1607)
	at scala.meta.internal.pc.Completions.isSnippetEnabled$(Completions.scala:1606)
	at scala.meta.internal.pc.MetalsGlobal.isSnippetEnabled(MetalsGlobal.scala:22)
	at scala.meta.internal.pc.CompletionProvider.completions(CompletionProvider.scala:46)

May 01, 2019 7:01:08 PM scala.meta.internal.pc.CompilerAccess handleError
SEVERE: String index out of range: 4
java.lang.StringIndexOutOfBoundsException: String index out of range: 4
	at java.lang.String.charAt(String.java:658)
	at scala.meta.internal.pc.Completions.isSnippetEnabled(Completions.scala:1607)
	at scala.meta.internal.pc.Completions.isSnippetEnabled$(Completions.scala:1606)
	at scala.meta.internal.pc.MetalsGlobal.isSnippetEnabled(MetalsGlobal.scala:22)
	at scala.meta.internal.pc.CompletionProvider.completions(CompletionProvider.scala:46)

May 01, 2019 7:01:08 PM scala.meta.internal.pc.CompilerAccess handleError
SEVERE: String index out of range: 5
java.lang.StringIndexOutOfBoundsException: String index out of range: 5
	at java.lang.String.charAt(String.java:658)
	at scala.meta.internal.pc.Completions.isSnippetEnabled(Completions.scala:1607)
	at scala.meta.internal.pc.Completions.isSnippetEnabled$(Completions.scala:1606)
	at scala.meta.internal.pc.MetalsGlobal.isSnippetEnabled(MetalsGlobal.scala:22)
	at scala.meta.internal.pc.CompletionProvider.completions(CompletionProvider.scala:46)

May 01, 2019 7:01:08 PM scala.meta.internal.pc.CompilerAccess handleError
SEVERE: String index out of range: 6
java.lang.StringIndexOutOfBoundsException: String index out of range: 6
	at java.lang.String.charAt(String.java:658)
	at scala.meta.internal.pc.Completions.isSnippetEnabled(Completions.scala:1607)
	at scala.meta.internal.pc.Completions.isSnippetEnabled$(Completions.scala:1606)
	at scala.meta.internal.pc.MetalsGlobal.isSnippetEnabled(MetalsGlobal.scala:22)
	at scala.meta.internal.pc.CompletionProvider.completions(CompletionProvider.scala:46)

May 01, 2019 7:01:08 PM scala.meta.internal.pc.CompilerAccess handleError
SEVERE: String index out of range: 7
java.lang.StringIndexOutOfBoundsException: String index out of range: 7
	at java.lang.String.charAt(String.java:658)
	at scala.meta.internal.pc.Completions.isSnippetEnabled(Completions.scala:1607)
	at scala.meta.internal.pc.Completions.isSnippetEnabled$(Completions.scala:1606)
	at scala.meta.internal.pc.MetalsGlobal.isSnippetEnabled(MetalsGlobal.scala:22)
	at scala.meta.internal.pc.CompletionProvider.completions(CompletionProvider.scala:46)

May 01, 2019 7:01:09 PM scala.meta.internal.pc.CompilerAccess handleError
SEVERE: String index out of range: 9
java.lang.StringIndexOutOfBoundsException: String index out of range: 9
	at java.lang.String.charAt(String.java:658)
	at scala.meta.internal.pc.Completions.isSnippetEnabled(Completions.scala:1607)
	at scala.meta.internal.pc.Completions.isSnippetEnabled$(Completions.scala:1606)
	at scala.meta.internal.pc.MetalsGlobal.isSnippetEnabled(MetalsGlobal.scala:22)
	at scala.meta.internal.pc.CompletionProvider.completions(CompletionProvider.scala:46)

May 01, 2019 7:01:09 PM scala.meta.internal.pc.CompilerAccess handleError
SEVERE: String index out of range: 10
java.lang.StringIndexOutOfBoundsException: String index out of range: 10
	at java.lang.String.charAt(String.java:658)
	at scala.meta.internal.pc.Completions.isSnippetEnabled(Completions.scala:1607)
	at scala.meta.internal.pc.Completions.isSnippetEnabled$(Completions.scala:1606)
	at scala.meta.internal.pc.MetalsGlobal.isSnippetEnabled(MetalsGlobal.scala:22)
	at scala.meta.internal.pc.CompletionProvider.completions(CompletionProvider.scala:46)

May 01, 2019 7:01:10 PM scala.meta.internal.pc.CompilerAccess handleError
SEVERE: String index out of range: 11
java.lang.StringIndexOutOfBoundsException: String index out of range: 11
	at java.lang.String.charAt(String.java:658)
	at scala.meta.internal.pc.Completions.isSnippetEnabled(Completions.scala:1607)
	at scala.meta.internal.pc.Completions.isSnippetEnabled$(Completions.scala:1606)
	at scala.meta.internal.pc.MetalsGlobal.isSnippetEnabled(MetalsGlobal.scala:22)
	at scala.meta.internal.pc.CompletionProvider.completions(CompletionProvider.scala:46)

May 01, 2019 7:01:10 PM scala.meta.internal.pc.CompilerAccess handleError
SEVERE: String index out of range: 12
java.lang.StringIndexOutOfBoundsException: String index out of range: 12
	at java.lang.String.charAt(String.java:658)
	at scala.meta.internal.pc.Completions.isSnippetEnabled(Completions.scala:1607)
	at scala.meta.internal.pc.Completions.isSnippetEnabled$(Completions.scala:1606)
	at scala.meta.internal.pc.MetalsGlobal.isSnippetEnabled(MetalsGlobal.scala:22)
	at scala.meta.internal.pc.CompletionProvider.completions(CompletionProvider.scala:46)

May 01, 2019 7:01:10 PM scala.meta.internal.pc.CompilerAccess handleError
SEVERE: String index out of range: 13
java.lang.StringIndexOutOfBoundsException: String index out of range: 13
	at java.lang.String.charAt(String.java:658)
	at scala.meta.internal.pc.Completions.isSnippetEnabled(Completions.scala:1607)
	at scala.meta.internal.pc.Completions.isSnippetEnabled$(Completions.scala:1606)
	at scala.meta.internal.pc.MetalsGlobal.isSnippetEnabled(MetalsGlobal.scala:22)
	at scala.meta.internal.pc.CompletionProvider.completions(CompletionProvider.scala:46)

May 01, 2019 7:01:10 PM scala.meta.internal.pc.CompilerAccess handleError
SEVERE: String index out of range: 14
java.lang.StringIndexOutOfBoundsException: String index out of range: 14
	at java.lang.String.charAt(String.java:658)
	at scala.meta.internal.pc.Completions.isSnippetEnabled(Completions.scala:1607)
	at scala.meta.internal.pc.Completions.isSnippetEnabled$(Completions.scala:1606)
	at scala.meta.internal.pc.MetalsGlobal.isSnippetEnabled(MetalsGlobal.scala:22)
	at scala.meta.internal.pc.CompletionProvider.completions(CompletionProvider.scala:46)

May 01, 2019 7:01:13 PM scala.meta.internal.pc.CompilerAccess handleError
SEVERE: String index out of range: 17
java.lang.StringIndexOutOfBoundsException: String index out of range: 17
	at java.lang.String.charAt(String.java:658)
	at scala.meta.internal.pc.Completions.isSnippetEnabled(Completions.scala:1607)
	at scala.meta.internal.pc.Completions.isSnippetEnabled$(Completions.scala:1606)
	at scala.meta.internal.pc.MetalsGlobal.isSnippetEnabled(MetalsGlobal.scala:22)
	at scala.meta.internal.pc.CompletionProvider.completions(CompletionProvider.scala:46)

May 01, 2019 7:01:13 PM scala.meta.internal.pc.CompilerAccess handleError
SEVERE: String index out of range: 18
java.lang.StringIndexOutOfBoundsException: String index out of range: 18
	at java.lang.String.charAt(String.java:658)
	at scala.meta.internal.pc.Completions.isSnippetEnabled(Completions.scala:1607)
	at scala.meta.internal.pc.Completions.isSnippetEnabled$(Completions.scala:1606)
	at scala.meta.internal.pc.MetalsGlobal.isSnippetEnabled(MetalsGlobal.scala:22)
	at scala.meta.internal.pc.CompletionProvider.completions(CompletionProvider.scala:46)

May 01, 2019 7:01:13 PM scala.meta.internal.pc.CompilerAccess handleError
SEVERE: String index out of range: 19
java.lang.StringIndexOutOfBoundsException: String index out of range: 19
	at java.lang.String.charAt(String.java:658)
	at scala.meta.internal.pc.Completions.isSnippetEnabled(Completions.scala:1607)
	at scala.meta.internal.pc.Completions.isSnippetEnabled$(Completions.scala:1606)
	at scala.meta.internal.pc.MetalsGlobal.isSnippetEnabled(MetalsGlobal.scala:22)
	at scala.meta.internal.pc.CompletionProvider.completions(CompletionProvider.scala:46)

May 01, 2019 7:01:13 PM scala.meta.internal.pc.CompilerAccess handleError
SEVERE: String index out of range: 20
java.lang.StringIndexOutOfBoundsException: String index out of range: 20
	at java.lang.String.charAt(String.java:658)
	at scala.meta.internal.pc.Completions.isSnippetEnabled(Completions.scala:1607)
	at scala.meta.internal.pc.Completions.isSnippetEnabled$(Completions.scala:1606)
	at scala.meta.internal.pc.MetalsGlobal.isSnippetEnabled(MetalsGlobal.scala:22)
	at scala.meta.internal.pc.CompletionProvider.completions(CompletionProvider.scala:46)

May 01, 2019 7:01:14 PM scala.meta.internal.pc.CompilerAccess handleError
SEVERE: String index out of range: 22
java.lang.StringIndexOutOfBoundsException: String index out of range: 22
	at java.lang.String.charAt(String.java:658)
	at scala.meta.internal.pc.Completions.isSnippetEnabled(Completions.scala:1607)
	at scala.meta.internal.pc.Completions.isSnippetEnabled$(Completions.scala:1606)
	at scala.meta.internal.pc.MetalsGlobal.isSnippetEnabled(MetalsGlobal.scala:22)
	at scala.meta.internal.pc.CompletionProvider.completions(CompletionProvider.scala:46)

May 01, 2019 7:01:14 PM scala.meta.internal.pc.CompilerAccess handleError
SEVERE: String index out of range: 24
java.lang.StringIndexOutOfBoundsException: String index out of range: 24
	at java.lang.String.charAt(String.java:658)
	at scala.meta.internal.pc.Completions.isSnippetEnabled(Completions.scala:1607)
	at scala.meta.internal.pc.Completions.isSnippetEnabled$(Completions.scala:1606)
	at scala.meta.internal.pc.MetalsGlobal.isSnippetEnabled(MetalsGlobal.scala:22)
	at scala.meta.internal.pc.CompletionProvider.completions(CompletionProvider.scala:46)

May 01, 2019 7:01:14 PM scala.meta.internal.pc.CompilerAccess handleError
SEVERE: String index out of range: 25
java.lang.StringIndexOutOfBoundsException: String index out of range: 25
	at java.lang.String.charAt(String.java:658)
	at scala.meta.internal.pc.Completions.isSnippetEnabled(Completions.scala:1607)
	at scala.meta.internal.pc.Completions.isSnippetEnabled$(Completions.scala:1606)
	at scala.meta.internal.pc.MetalsGlobal.isSnippetEnabled(MetalsGlobal.scala:22)
	at scala.meta.internal.pc.CompletionProvider.completions(CompletionProvider.scala:46)

May 01, 2019 7:01:14 PM scala.meta.internal.pc.CompilerAccess handleError
SEVERE: String index out of range: 26
java.lang.StringIndexOutOfBoundsException: String index out of range: 26
	at java.lang.String.charAt(String.java:658)
	at scala.meta.internal.pc.Completions.isSnippetEnabled(Completions.scala:1607)
	at scala.meta.internal.pc.Completions.isSnippetEnabled$(Completions.scala:1606)
	at scala.meta.internal.pc.MetalsGlobal.isSnippetEnabled(MetalsGlobal.scala:22)
	at scala.meta.internal.pc.CompletionProvider.completions(CompletionProvider.scala:46)

May 01, 2019 7:01:17 PM scala.meta.internal.pc.CompilerAccess handleError
SEVERE: String index out of range: 28
java.lang.StringIndexOutOfBoundsException: String index out of range: 28
	at java.lang.String.charAt(String.java:658)
	at scala.meta.internal.pc.Completions.isSnippetEnabled(Completions.scala:1607)
	at scala.meta.internal.pc.Completions.isSnippetEnabled$(Completions.scala:1606)
	at scala.meta.internal.pc.MetalsGlobal.isSnippetEnabled(MetalsGlobal.scala:22)
	at scala.meta.internal.pc.CompletionProvider.completions(CompletionProvider.scala:46)

May 01, 2019 7:01:17 PM scala.meta.internal.pc.CompilerAccess handleError
SEVERE: String index out of range: 29
java.lang.StringIndexOutOfBoundsException: String index out of range: 29
	at java.lang.String.charAt(String.java:658)
	at scala.meta.internal.pc.Completions.isSnippetEnabled(Completions.scala:1607)
	at scala.meta.internal.pc.Completions.isSnippetEnabled$(Completions.scala:1606)
	at scala.meta.internal.pc.MetalsGlobal.isSnippetEnabled(MetalsGlobal.scala:22)
	at scala.meta.internal.pc.CompletionProvider.completions(CompletionProvider.scala:46)

May 01, 2019 7:01:17 PM scala.meta.internal.pc.CompilerAccess handleError
SEVERE: String index out of range: 30
java.lang.StringIndexOutOfBoundsException: String index out of range: 30
	at java.lang.String.charAt(String.java:658)
	at scala.meta.internal.pc.Completions.isSnippetEnabled(Completions.scala:1607)
	at scala.meta.internal.pc.Completions.isSnippetEnabled$(Completions.scala:1606)
	at scala.meta.internal.pc.MetalsGlobal.isSnippetEnabled(MetalsGlobal.scala:22)
	at scala.meta.internal.pc.CompletionProvider.completions(CompletionProvider.scala:46)

May 01, 2019 7:01:18 PM scala.meta.internal.pc.CompilerAccess handleError
SEVERE: String index out of range: 31
java.lang.StringIndexOutOfBoundsException: String index out of range: 31
	at java.lang.String.charAt(String.java:658)
	at scala.meta.internal.pc.Completions.isSnippetEnabled(Completions.scala:1607)
	at scala.meta.internal.pc.Completions.isSnippetEnabled$(Completions.scala:1606)
	at scala.meta.internal.pc.MetalsGlobal.isSnippetEnabled(MetalsGlobal.scala:22)
	at scala.meta.internal.pc.CompletionProvider.completions(CompletionProvider.scala:46)

May 01, 2019 7:01:44 PM scala.meta.internal.pc.CompilerAccess handleError
SEVERE: String index out of range: 55
java.lang.StringIndexOutOfBoundsException: String index out of range: 55
	at java.lang.String.charAt(String.java:658)
	at scala.meta.internal.pc.Completions.isSnippetEnabled(Completions.scala:1607)
	at scala.meta.internal.pc.Completions.isSnippetEnabled$(Completions.scala:1606)
	at scala.meta.internal.pc.MetalsGlobal.isSnippetEnabled(MetalsGlobal.scala:22)
	at scala.meta.internal.pc.CompletionProvider.completions(CompletionProvider.scala:46)

May 01, 2019 7:01:45 PM scala.meta.internal.pc.CompilerAccess handleError
SEVERE: String index out of range: 56
java.lang.StringIndexOutOfBoundsException: String index out of range: 56
	at java.lang.String.charAt(String.java:658)
	at scala.meta.internal.pc.Completions.isSnippetEnabled(Completions.scala:1607)
	at scala.meta.internal.pc.Completions.isSnippetEnabled$(Completions.scala:1606)
	at scala.meta.internal.pc.MetalsGlobal.isSnippetEnabled(MetalsGlobal.scala:22)
	at scala.meta.internal.pc.CompletionProvider.completions(CompletionProvider.scala:46)

May 01, 2019 7:01:46 PM scala.meta.internal.pc.CompilerAccess handleError
SEVERE: String index out of range: 56
java.lang.StringIndexOutOfBoundsException: String index out of range: 56
	at java.lang.String.charAt(String.java:658)
	at scala.meta.internal.pc.Completions.isSnippetEnabled(Completions.scala:1607)
	at scala.meta.internal.pc.Completions.isSnippetEnabled$(Completions.scala:1606)
	at scala.meta.internal.pc.MetalsGlobal.isSnippetEnabled(MetalsGlobal.scala:22)
	at scala.meta.internal.pc.CompletionProvider.completions(CompletionProvider.scala:46)

May 01, 2019 7:01:46 PM scala.meta.internal.pc.CompilerAccess handleError
SEVERE: String index out of range: 57
java.lang.StringIndexOutOfBoundsException: String index out of range: 57
	at java.lang.String.charAt(String.java:658)
	at scala.meta.internal.pc.Completions.isSnippetEnabled(Completions.scala:1607)
	at scala.meta.internal.pc.Completions.isSnippetEnabled$(Completions.scala:1606)
	at scala.meta.internal.pc.MetalsGlobal.isSnippetEnabled(MetalsGlobal.scala:22)
	at scala.meta.internal.pc.CompletionProvider.completions(CompletionProvider.scala:46)

May 01, 2019 7:01:46 PM scala.meta.internal.pc.CompilerAccess handleError
SEVERE: String index out of range: 58
java.lang.StringIndexOutOfBoundsException: String index out of range: 58
	at java.lang.String.charAt(String.java:658)
	at scala.meta.internal.pc.Completions.isSnippetEnabled(Completions.scala:1607)
	at scala.meta.internal.pc.Completions.isSnippetEnabled$(Completions.scala:1606)
	at scala.meta.internal.pc.MetalsGlobal.isSnippetEnabled(MetalsGlobal.scala:22)
	at scala.meta.internal.pc.CompletionProvider.completions(CompletionProvider.scala:46)

May 01, 2019 7:01:47 PM scala.meta.internal.pc.CompilerAccess handleError
SEVERE: String index out of range: 59
java.lang.StringIndexOutOfBoundsException: String index out of range: 59
	at java.lang.String.charAt(String.java:658)
	at scala.meta.internal.pc.Completions.isSnippetEnabled(Completions.scala:1607)
	at scala.meta.internal.pc.Completions.isSnippetEnabled$(Completions.scala:1606)
	at scala.meta.internal.pc.MetalsGlobal.isSnippetEnabled(MetalsGlobal.scala:22)
	at scala.meta.internal.pc.CompletionProvider.completions(CompletionProvider.scala:46)

May 01, 2019 7:01:47 PM scala.meta.internal.pc.CompilerAccess handleError
SEVERE: String index out of range: 60
java.lang.StringIndexOutOfBoundsException: String index out of range: 60
	at java.lang.String.charAt(String.java:658)
	at scala.meta.internal.pc.Completions.isSnippetEnabled(Completions.scala:1607)
	at scala.meta.internal.pc.Completions.isSnippetEnabled$(Completions.scala:1606)
	at scala.meta.internal.pc.MetalsGlobal.isSnippetEnabled(MetalsGlobal.scala:22)
	at scala.meta.internal.pc.CompletionProvider.completions(CompletionProvider.scala:46)

May 01, 2019 7:01:50 PM scala.meta.internal.pc.CompilerAccess handleError
SEVERE: String index out of range: 62
java.lang.StringIndexOutOfBoundsException: String index out of range: 62
	at java.lang.String.charAt(String.java:658)
	at scala.meta.internal.pc.Completions.isSnippetEnabled(Completions.scala:1607)
	at scala.meta.internal.pc.Completions.isSnippetEnabled$(Completions.scala:1606)
	at scala.meta.internal.pc.MetalsGlobal.isSnippetEnabled(MetalsGlobal.scala:22)
	at scala.meta.internal.pc.CompletionProvider.completions(CompletionProvider.scala:46)

something's wrong: no file:///home/grahamingokho/code/scalawithplay/app/models/Task.scala in List[<error>]RangePosition(file:///home/grahamingokho/code/scalawithplay/app/models/Task.scala, 93, 93, 107)
something's wrong: no file:///home/grahamingokho/code/scalawithplay/app/models/Task.scala in List[<error>]RangePosition(file:///home/grahamingokho/code/scalawithplay/app/models/Task.scala, 93, 93, 100)
something's wrong: no file:///home/grahamingokho/code/scalawithplay/app/models/Task.scala in List[<error>]RangePosition(file:///home/grahamingokho/code/scalawithplay/app/models/Task.scala, 93, 93, 101)
something's wrong: no file:///home/grahamingokho/code/scalawithplay/app/models/Task.scala in List[<error>]RangePosition(file:///home/grahamingokho/code/scalawithplay/app/models/Task.scala, 93, 93, 102)
something's wrong: no file:///home/grahamingokho/code/scalawithplay/app/models/Task.scala in List[models.Task]RangePosition(file:///home/grahamingokho/code/scalawithplay/app/models/Task.scala, 93, 93, 103)
something's wrong: no file:///home/grahamingokho/code/scalawithplay/app/models/Task.scala in List[<error>]RangePosition(file:///home/grahamingokho/code/scalawithplay/app/models/Task.scala, 93, 93, 102)
something's wrong: no file:///home/grahamingokho/code/scalawithplay/app/models/Task.scala in List[models.Task]RangePosition(file:///home/grahamingokho/code/scalawithplay/app/models/Task.scala, 93, 93, 103)
something's wrong: no file:///home/grahamingokho/code/scalawithplay/app/models/Task.scala in List[models.Task]RangePosition(file:///home/grahamingokho/code/scalawithplay/app/models/Task.scala, 93, 93, 103)
something's wrong: no file:///home/grahamingokho/code/scalawithplay/app/models/Task.scala in List[models.Task]RangePosition(file:///home/grahamingokho/code/scalawithplay/app/models/Task.scala, 93, 93, 103)
something's wrong: no file:///home/grahamingokho/code/scalawithplay/app/models/Task.scala in List[<error>]RangePosition(file:///home/grahamingokho/code/scalawithplay/app/models/Task.scala, 126, 126, 140)
something's wrong: no file:///home/grahamingokho/code/scalawithplay/app/models/Task.scala in List[<error>]RangePosition(file:///home/grahamingokho/code/scalawithplay/app/models/Task.scala, 126, 126, 133)
something's wrong: no file:///home/grahamingokho/code/scalawithplay/app/models/Task.scala in List[<error>]RangePosition(file:///home/grahamingokho/code/scalawithplay/app/models/Task.scala, 126, 126, 134)
something's wrong: no file:///home/grahamingokho/code/scalawithplay/app/models/Task.scala in List[<error>]RangePosition(file:///home/grahamingokho/code/scalawithplay/app/models/Task.scala, 126, 126, 135)
something's wrong: no file:///home/grahamingokho/code/scalawithplay/app/models/Task.scala in List[models.Task]RangePosition(file:///home/grahamingokho/code/scalawithplay/app/models/Task.scala, 126, 126, 136)
something's wrong: no file:///home/grahamingokho/code/scalawithplay/app/models/Task.scala in List[models.Task]RangePosition(file:///home/grahamingokho/code/scalawithplay/app/models/Task.scala, 126, 126, 136)
something's wrong: no file:///home/grahamingokho/code/scalawithplay/app/models/Task.scala in List[models.Task]RangePosition(file:///home/grahamingokho/code/scalawithplay/app/models/Task.scala, 126, 126, 136)
May 01, 2019 7:57:13 PM scala.meta.internal.pc.CompilerAccess handleError
SEVERE: String index out of range: 2
java.lang.StringIndexOutOfBoundsException: String index out of range: 2
	at java.lang.String.charAt(String.java:658)
	at scala.meta.internal.pc.Completions.isSnippetEnabled(Completions.scala:1607)
	at scala.meta.internal.pc.Completions.isSnippetEnabled$(Completions.scala:1606)
	at scala.meta.internal.pc.MetalsGlobal.isSnippetEnabled(MetalsGlobal.scala:22)
	at scala.meta.internal.pc.CompletionProvider.completions(CompletionProvider.scala:46)

May 01, 2019 7:57:13 PM scala.meta.internal.pc.CompilerAccess handleError
SEVERE: String index out of range: 3
java.lang.StringIndexOutOfBoundsException: String index out of range: 3
	at java.lang.String.charAt(String.java:658)
	at scala.meta.internal.pc.Completions.isSnippetEnabled(Completions.scala:1607)
	at scala.meta.internal.pc.Completions.isSnippetEnabled$(Completions.scala:1606)
	at scala.meta.internal.pc.MetalsGlobal.isSnippetEnabled(MetalsGlobal.scala:22)
	at scala.meta.internal.pc.CompletionProvider.completions(CompletionProvider.scala:46)

May 01, 2019 7:57:13 PM scala.meta.internal.pc.CompilerAccess handleError
SEVERE: String index out of range: 4
java.lang.StringIndexOutOfBoundsException: String index out of range: 4
	at java.lang.String.charAt(String.java:658)
	at scala.meta.internal.pc.Completions.isSnippetEnabled(Completions.scala:1607)
	at scala.meta.internal.pc.Completions.isSnippetEnabled$(Completions.scala:1606)
	at scala.meta.internal.pc.MetalsGlobal.isSnippetEnabled(MetalsGlobal.scala:22)
	at scala.meta.internal.pc.CompletionProvider.completions(CompletionProvider.scala:46)

May 01, 2019 7:57:13 PM scala.meta.internal.pc.CompilerAccess handleError
SEVERE: String index out of range: 5
java.lang.StringIndexOutOfBoundsException: String index out of range: 5
	at java.lang.String.charAt(String.java:658)
	at scala.meta.internal.pc.Completions.isSnippetEnabled(Completions.scala:1607)
	at scala.meta.internal.pc.Completions.isSnippetEnabled$(Completions.scala:1606)
	at scala.meta.internal.pc.MetalsGlobal.isSnippetEnabled(MetalsGlobal.scala:22)
	at scala.meta.internal.pc.CompletionProvider.completions(CompletionProvider.scala:46)

May 01, 2019 7:57:15 PM scala.meta.internal.pc.CompilerAccess handleError
SEVERE: String index out of range: 6
java.lang.StringIndexOutOfBoundsException: String index out of range: 6
	at java.lang.String.charAt(String.java:658)
	at scala.meta.internal.pc.Completions.isSnippetEnabled(Completions.scala:1607)
	at scala.meta.internal.pc.Completions.isSnippetEnabled$(Completions.scala:1606)
	at scala.meta.internal.pc.MetalsGlobal.isSnippetEnabled(MetalsGlobal.scala:22)
	at scala.meta.internal.pc.CompletionProvider.completions(CompletionProvider.scala:46)

May 01, 2019 7:57:16 PM scala.meta.internal.pc.CompilerAccess handleError
SEVERE: String index out of range: 7
java.lang.StringIndexOutOfBoundsException: String index out of range: 7
	at java.lang.String.charAt(String.java:658)
	at scala.meta.internal.pc.Completions.isSnippetEnabled(Completions.scala:1607)
	at scala.meta.internal.pc.Completions.isSnippetEnabled$(Completions.scala:1606)
	at scala.meta.internal.pc.MetalsGlobal.isSnippetEnabled(MetalsGlobal.scala:22)
	at scala.meta.internal.pc.CompletionProvider.completions(CompletionProvider.scala:46)

May 01, 2019 7:57:17 PM scala.meta.internal.pc.CompilerAccess handleError
SEVERE: String index out of range: 9
java.lang.StringIndexOutOfBoundsException: String index out of range: 9
	at java.lang.String.charAt(String.java:658)
	at scala.meta.internal.pc.Completions.isSnippetEnabled(Completions.scala:1607)
	at scala.meta.internal.pc.Completions.isSnippetEnabled$(Completions.scala:1606)
	at scala.meta.internal.pc.MetalsGlobal.isSnippetEnabled(MetalsGlobal.scala:22)
	at scala.meta.internal.pc.CompletionProvider.completions(CompletionProvider.scala:46)

May 01, 2019 7:57:17 PM scala.meta.internal.pc.CompilerAccess handleError
SEVERE: String index out of range: 10
java.lang.StringIndexOutOfBoundsException: String index out of range: 10
	at java.lang.String.charAt(String.java:658)
	at scala.meta.internal.pc.Completions.isSnippetEnabled(Completions.scala:1607)
	at scala.meta.internal.pc.Completions.isSnippetEnabled$(Completions.scala:1606)
	at scala.meta.internal.pc.MetalsGlobal.isSnippetEnabled(MetalsGlobal.scala:22)
	at scala.meta.internal.pc.CompletionProvider.completions(CompletionProvider.scala:46)

May 01, 2019 7:57:17 PM scala.meta.internal.pc.CompilerAccess handleError
SEVERE: String index out of range: 11
java.lang.StringIndexOutOfBoundsException: String index out of range: 11
	at java.lang.String.charAt(String.java:658)
	at scala.meta.internal.pc.Completions.isSnippetEnabled(Completions.scala:1607)
	at scala.meta.internal.pc.Completions.isSnippetEnabled$(Completions.scala:1606)
	at scala.meta.internal.pc.MetalsGlobal.isSnippetEnabled(MetalsGlobal.scala:22)
	at scala.meta.internal.pc.CompletionProvider.completions(CompletionProvider.scala:46)

May 01, 2019 7:57:17 PM scala.meta.internal.pc.CompilerAccess handleError
SEVERE: String index out of range: 12
java.lang.StringIndexOutOfBoundsException: String index out of range: 12
	at java.lang.String.charAt(String.java:658)
	at scala.meta.internal.pc.Completions.isSnippetEnabled(Completions.scala:1607)
	at scala.meta.internal.pc.Completions.isSnippetEnabled$(Completions.scala:1606)
	at scala.meta.internal.pc.MetalsGlobal.isSnippetEnabled(MetalsGlobal.scala:22)
	at scala.meta.internal.pc.CompletionProvider.completions(CompletionProvider.scala:46)

May 01, 2019 7:57:17 PM scala.meta.internal.pc.CompilerAccess handleError
SEVERE: String index out of range: 13
java.lang.StringIndexOutOfBoundsException: String index out of range: 13
	at java.lang.String.charAt(String.java:658)
	at scala.meta.internal.pc.Completions.isSnippetEnabled(Completions.scala:1607)
	at scala.meta.internal.pc.Completions.isSnippetEnabled$(Completions.scala:1606)
	at scala.meta.internal.pc.MetalsGlobal.isSnippetEnabled(MetalsGlobal.scala:22)
	at scala.meta.internal.pc.CompletionProvider.completions(CompletionProvider.scala:46)

May 01, 2019 7:57:17 PM scala.meta.internal.pc.CompilerAccess handleError
SEVERE: String index out of range: 14
java.lang.StringIndexOutOfBoundsException: String index out of range: 14
	at java.lang.String.charAt(String.java:658)
	at scala.meta.internal.pc.Completions.isSnippetEnabled(Completions.scala:1607)
	at scala.meta.internal.pc.Completions.isSnippetEnabled$(Completions.scala:1606)
	at scala.meta.internal.pc.MetalsGlobal.isSnippetEnabled(MetalsGlobal.scala:22)
	at scala.meta.internal.pc.CompletionProvider.completions(CompletionProvider.scala:46)

May 01, 2019 7:57:20 PM scala.meta.internal.pc.CompilerAccess handleError
SEVERE: String index out of range: 17
java.lang.StringIndexOutOfBoundsException: String index out of range: 17
	at java.lang.String.charAt(String.java:658)
	at scala.meta.internal.pc.Completions.isSnippetEnabled(Completions.scala:1607)
	at scala.meta.internal.pc.Completions.isSnippetEnabled$(Completions.scala:1606)
	at scala.meta.internal.pc.MetalsGlobal.isSnippetEnabled(MetalsGlobal.scala:22)
	at scala.meta.internal.pc.CompletionProvider.completions(CompletionProvider.scala:46)

May 01, 2019 7:57:20 PM scala.meta.internal.pc.CompilerAccess handleError
SEVERE: String index out of range: 18
java.lang.StringIndexOutOfBoundsException: String index out of range: 18
	at java.lang.String.charAt(String.java:658)
	at scala.meta.internal.pc.Completions.isSnippetEnabled(Completions.scala:1607)
	at scala.meta.internal.pc.Completions.isSnippetEnabled$(Completions.scala:1606)
	at scala.meta.internal.pc.MetalsGlobal.isSnippetEnabled(MetalsGlobal.scala:22)
	at scala.meta.internal.pc.CompletionProvider.completions(CompletionProvider.scala:46)

May 01, 2019 7:57:20 PM scala.meta.internal.pc.CompilerAccess handleError
SEVERE: String index out of range: 19
java.lang.StringIndexOutOfBoundsException: String index out of range: 19
	at java.lang.String.charAt(String.java:658)
	at scala.meta.internal.pc.Completions.isSnippetEnabled(Completions.scala:1607)
	at scala.meta.internal.pc.Completions.isSnippetEnabled$(Completions.scala:1606)
	at scala.meta.internal.pc.MetalsGlobal.isSnippetEnabled(MetalsGlobal.scala:22)
	at scala.meta.internal.pc.CompletionProvider.completions(CompletionProvider.scala:46)

May 01, 2019 7:57:20 PM scala.meta.internal.pc.CompilerAccess handleError
SEVERE: String index out of range: 20
java.lang.StringIndexOutOfBoundsException: String index out of range: 20
	at java.lang.String.charAt(String.java:658)
	at scala.meta.internal.pc.Completions.isSnippetEnabled(Completions.scala:1607)
	at scala.meta.internal.pc.Completions.isSnippetEnabled$(Completions.scala:1606)
	at scala.meta.internal.pc.MetalsGlobal.isSnippetEnabled(MetalsGlobal.scala:22)
	at scala.meta.internal.pc.CompletionProvider.completions(CompletionProvider.scala:46)

May 01, 2019 7:57:21 PM scala.meta.internal.pc.CompilerAccess handleError
SEVERE: String index out of range: 22
java.lang.StringIndexOutOfBoundsException: String index out of range: 22
	at java.lang.String.charAt(String.java:658)
	at scala.meta.internal.pc.Completions.isSnippetEnabled(Completions.scala:1607)
	at scala.meta.internal.pc.Completions.isSnippetEnabled$(Completions.scala:1606)
	at scala.meta.internal.pc.MetalsGlobal.isSnippetEnabled(MetalsGlobal.scala:22)
	at scala.meta.internal.pc.CompletionProvider.completions(CompletionProvider.scala:46)

May 01, 2019 7:57:22 PM scala.meta.internal.pc.CompilerAccess handleError
SEVERE: String index out of range: 24
java.lang.StringIndexOutOfBoundsException: String index out of range: 24
	at java.lang.String.charAt(String.java:658)
	at scala.meta.internal.pc.Completions.isSnippetEnabled(Completions.scala:1607)
	at scala.meta.internal.pc.Completions.isSnippetEnabled$(Completions.scala:1606)
	at scala.meta.internal.pc.MetalsGlobal.isSnippetEnabled(MetalsGlobal.scala:22)
	at scala.meta.internal.pc.CompletionProvider.completions(CompletionProvider.scala:46)

May 01, 2019 7:57:22 PM scala.meta.internal.pc.CompilerAccess handleError
SEVERE: String index out of range: 25
java.lang.StringIndexOutOfBoundsException: String index out of range: 25
	at java.lang.String.charAt(String.java:658)
	at scala.meta.internal.pc.Completions.isSnippetEnabled(Completions.scala:1607)
	at scala.meta.internal.pc.Completions.isSnippetEnabled$(Completions.scala:1606)
	at scala.meta.internal.pc.MetalsGlobal.isSnippetEnabled(MetalsGlobal.scala:22)
	at scala.meta.internal.pc.CompletionProvider.completions(CompletionProvider.scala:46)

May 01, 2019 7:57:22 PM scala.meta.internal.pc.CompilerAccess handleError
SEVERE: String index out of range: 26
java.lang.StringIndexOutOfBoundsException: String index out of range: 26
	at java.lang.String.charAt(String.java:658)
	at scala.meta.internal.pc.Completions.isSnippetEnabled(Completions.scala:1607)
	at scala.meta.internal.pc.Completions.isSnippetEnabled$(Completions.scala:1606)
	at scala.meta.internal.pc.MetalsGlobal.isSnippetEnabled(MetalsGlobal.scala:22)
	at scala.meta.internal.pc.CompletionProvider.completions(CompletionProvider.scala:46)

May 01, 2019 7:57:23 PM scala.meta.internal.pc.CompilerAccess handleError
SEVERE: String index out of range: 28
java.lang.StringIndexOutOfBoundsException: String index out of range: 28
	at java.lang.String.charAt(String.java:658)
	at scala.meta.internal.pc.Completions.isSnippetEnabled(Completions.scala:1607)
	at scala.meta.internal.pc.Completions.isSnippetEnabled$(Completions.scala:1606)
	at scala.meta.internal.pc.MetalsGlobal.isSnippetEnabled(MetalsGlobal.scala:22)
	at scala.meta.internal.pc.CompletionProvider.completions(CompletionProvider.scala:46)

May 01, 2019 7:57:24 PM scala.meta.internal.pc.CompilerAccess handleError
SEVERE: String index out of range: 29
java.lang.StringIndexOutOfBoundsException: String index out of range: 29
	at java.lang.String.charAt(String.java:658)
	at scala.meta.internal.pc.Completions.isSnippetEnabled(Completions.scala:1607)
	at scala.meta.internal.pc.Completions.isSnippetEnabled$(Completions.scala:1606)
	at scala.meta.internal.pc.MetalsGlobal.isSnippetEnabled(MetalsGlobal.scala:22)
	at scala.meta.internal.pc.CompletionProvider.completions(CompletionProvider.scala:46)

May 01, 2019 7:57:26 PM scala.meta.internal.pc.CompilerAccess handleError
SEVERE: String index out of range: 30
java.lang.StringIndexOutOfBoundsException: String index out of range: 30
	at java.lang.String.charAt(String.java:658)
	at scala.meta.internal.pc.Completions.isSnippetEnabled(Completions.scala:1607)
	at scala.meta.internal.pc.Completions.isSnippetEnabled$(Completions.scala:1606)
	at scala.meta.internal.pc.MetalsGlobal.isSnippetEnabled(MetalsGlobal.scala:22)
	at scala.meta.internal.pc.CompletionProvider.completions(CompletionProvider.scala:46)

May 01, 2019 7:57:26 PM scala.meta.internal.pc.CompilerAccess handleError
SEVERE: String index out of range: 31
java.lang.StringIndexOutOfBoundsException: String index out of range: 31
	at java.lang.String.charAt(String.java:658)
	at scala.meta.internal.pc.Completions.isSnippetEnabled(Completions.scala:1607)
	at scala.meta.internal.pc.Completions.isSnippetEnabled$(Completions.scala:1606)
	at scala.meta.internal.pc.MetalsGlobal.isSnippetEnabled(MetalsGlobal.scala:22)
	at scala.meta.internal.pc.CompletionProvider.completions(CompletionProvider.scala:46)

May 01, 2019 7:57:26 PM scala.meta.internal.pc.CompilerAccess handleError
SEVERE: String index out of range: 32
java.lang.StringIndexOutOfBoundsException: String index out of range: 32
	at java.lang.String.charAt(String.java:658)
	at scala.meta.internal.pc.Completions.isSnippetEnabled(Completions.scala:1607)
	at scala.meta.internal.pc.Completions.isSnippetEnabled$(Completions.scala:1606)
	at scala.meta.internal.pc.MetalsGlobal.isSnippetEnabled(MetalsGlobal.scala:22)
	at scala.meta.internal.pc.CompletionProvider.completions(CompletionProvider.scala:46)

May 01, 2019 7:57:26 PM scala.meta.internal.pc.CompilerAccess handleError
SEVERE: String index out of range: 33
java.lang.StringIndexOutOfBoundsException: String index out of range: 33
	at java.lang.String.charAt(String.java:658)
	at scala.meta.internal.pc.Completions.isSnippetEnabled(Completions.scala:1607)
	at scala.meta.internal.pc.Completions.isSnippetEnabled$(Completions.scala:1606)
	at scala.meta.internal.pc.MetalsGlobal.isSnippetEnabled(MetalsGlobal.scala:22)
	at scala.meta.internal.pc.CompletionProvider.completions(CompletionProvider.scala:46)

May 01, 2019 7:57:43 PM scala.meta.internal.pc.CompilerAccess handleError
SEVERE: String index out of range: 64
java.lang.StringIndexOutOfBoundsException: String index out of range: 64
	at java.lang.String.charAt(String.java:658)
	at scala.meta.internal.pc.Completions.isSnippetEnabled(Completions.scala:1607)
	at scala.meta.internal.pc.Completions.isSnippetEnabled$(Completions.scala:1606)
	at scala.meta.internal.pc.MetalsGlobal.isSnippetEnabled(MetalsGlobal.scala:22)
	at scala.meta.internal.pc.CompletionProvider.completions(CompletionProvider.scala:46)

May 01, 2019 7:57:43 PM scala.meta.internal.pc.CompilerAccess handleError
SEVERE: String index out of range: 65
java.lang.StringIndexOutOfBoundsException: String index out of range: 65
	at java.lang.String.charAt(String.java:658)
	at scala.meta.internal.pc.Completions.isSnippetEnabled(Completions.scala:1607)
	at scala.meta.internal.pc.Completions.isSnippetEnabled$(Completions.scala:1606)
	at scala.meta.internal.pc.MetalsGlobal.isSnippetEnabled(MetalsGlobal.scala:22)
	at scala.meta.internal.pc.CompletionProvider.completions(CompletionProvider.scala:46)

May 01, 2019 7:57:44 PM scala.meta.internal.pc.CompilerAccess handleError
SEVERE: String index out of range: 66
java.lang.StringIndexOutOfBoundsException: String index out of range: 66
	at java.lang.String.charAt(String.java:658)
	at scala.meta.internal.pc.Completions.isSnippetEnabled(Completions.scala:1607)
	at scala.meta.internal.pc.Completions.isSnippetEnabled$(Completions.scala:1606)
	at scala.meta.internal.pc.MetalsGlobal.isSnippetEnabled(MetalsGlobal.scala:22)
	at scala.meta.internal.pc.CompletionProvider.completions(CompletionProvider.scala:46)

May 01, 2019 7:57:44 PM scala.meta.internal.pc.CompilerAccess handleError
SEVERE: String index out of range: 67
java.lang.StringIndexOutOfBoundsException: String index out of range: 67
	at java.lang.String.charAt(String.java:658)
	at scala.meta.internal.pc.Completions.isSnippetEnabled(Completions.scala:1607)
	at scala.meta.internal.pc.Completions.isSnippetEnabled$(Completions.scala:1606)
	at scala.meta.internal.pc.MetalsGlobal.isSnippetEnabled(MetalsGlobal.scala:22)
	at scala.meta.internal.pc.CompletionProvider.completions(CompletionProvider.scala:46)

May 01, 2019 7:57:44 PM scala.meta.internal.pc.CompilerAccess handleError
SEVERE: String index out of range: 68
java.lang.StringIndexOutOfBoundsException: String index out of range: 68
	at java.lang.String.charAt(String.java:658)
	at scala.meta.internal.pc.Completions.isSnippetEnabled(Completions.scala:1607)
	at scala.meta.internal.pc.Completions.isSnippetEnabled$(Completions.scala:1606)
	at scala.meta.internal.pc.MetalsGlobal.isSnippetEnabled(MetalsGlobal.scala:22)
	at scala.meta.internal.pc.CompletionProvider.completions(CompletionProvider.scala:46)

May 01, 2019 7:57:44 PM scala.meta.internal.pc.CompilerAccess handleError
SEVERE: String index out of range: 69
java.lang.StringIndexOutOfBoundsException: String index out of range: 69
	at java.lang.String.charAt(String.java:658)
	at scala.meta.internal.pc.Completions.isSnippetEnabled(Completions.scala:1607)
	at scala.meta.internal.pc.Completions.isSnippetEnabled$(Completions.scala:1606)
	at scala.meta.internal.pc.MetalsGlobal.isSnippetEnabled(MetalsGlobal.scala:22)
	at scala.meta.internal.pc.CompletionProvider.completions(CompletionProvider.scala:46)

May 01, 2019 7:57:45 PM scala.meta.internal.pc.CompilerAccess handleError
SEVERE: String index out of range: 71
java.lang.StringIndexOutOfBoundsException: String index out of range: 71
	at java.lang.String.charAt(String.java:658)
	at scala.meta.internal.pc.Completions.isSnippetEnabled(Completions.scala:1607)
	at scala.meta.internal.pc.Completions.isSnippetEnabled$(Completions.scala:1606)
	at scala.meta.internal.pc.MetalsGlobal.isSnippetEnabled(MetalsGlobal.scala:22)
	at scala.meta.internal.pc.CompletionProvider.completions(CompletionProvider.scala:46)

something's wrong: no file:///home/grahamingokho/code/scalawithplay/app/models/Artist.scala in Seq[<error>]RangePosition(file:///home/grahamingokho/code/scalawithplay/app/models/Artist.scala, 624, 624, 637)
something's wrong: no file:///home/grahamingokho/code/scalawithplay/app/models/Artist.scala in Seq[<error>]RangePosition(file:///home/grahamingokho/code/scalawithplay/app/models/Artist.scala, 624, 624, 630)
something's wrong: no file:///home/grahamingokho/code/scalawithplay/app/models/Artist.scala in Seq[models.Artist]RangePosition(file:///home/grahamingokho/code/scalawithplay/app/models/Artist.scala, 624, 624, 635)
something's wrong: no file:///home/grahamingokho/code/scalawithplay/app/models/Artist.scala in Seq[models.Artist]RangePosition(file:///home/grahamingokho/code/scalawithplay/app/models/Artist.scala, 624, 624, 635)
something's wrong: no file:///home/grahamingokho/code/scalawithplay/app/models/Artist.scala in Seq[models.Artist]RangePosition(file:///home/grahamingokho/code/scalawithplay/app/models/Artist.scala, 624, 624, 635)
May 01, 2019 8:00:53 PM scala.meta.internal.pc.Completions completionPosition
SEVERE: null
java.lang.NullPointerException
	at scala.meta.internal.pc.Completions$CompletionPosition$Override.<init>(Completions.scala:932)
	at scala.meta.internal.pc.Completions.completionPositionUnsafe(Completions.scala:451)
	at scala.meta.internal.pc.Completions.completionPositionUnsafe$(Completions.scala:374)
	at scala.meta.internal.pc.MetalsGlobal.completionPositionUnsafe(MetalsGlobal.scala:22)
	at scala.meta.internal.pc.Completions.completionPosition(Completions.scala:367)
	at scala.meta.internal.pc.Completions.completionPosition$(Completions.scala:358)
	at scala.meta.internal.pc.MetalsGlobal.completionPosition(MetalsGlobal.scala:22)
	at scala.meta.internal.pc.CompletionProvider.safeCompletionsAt(CompletionProvider.scala:373)
	at scala.meta.internal.pc.CompletionProvider.completions(CompletionProvider.scala:47)
	at scala.meta.internal.pc.ScalaPresentationCompiler.$anonfun$complete$1(ScalaPresentationCompiler.scala:83)
	at scala.meta.internal.pc.CompilerAccess.withSharedCompiler(CompilerAccess.scala:91)
	at scala.meta.internal.pc.CompilerAccess.withCancelableCompiler(CompilerAccess.scala:73)
	at scala.meta.internal.pc.ScalaPresentationCompiler.complete(ScalaPresentationCompiler.scala:82)
	at scala.meta.internal.metals.Compilers.$anonfun$completions$1(Compilers.scala:144)
	at scala.meta.internal.metals.Compilers.$anonfun$withPC$1(Compilers.scala:229)
	at scala.Option.map(Option.scala:163)
	at scala.meta.internal.metals.Compilers.withPC(Compilers.scala:224)
	at scala.meta.internal.metals.Compilers.completions(Compilers.scala:142)
	at scala.meta.internal.metals.MetalsLanguageServer.$anonfun$completion$1(MetalsLanguageServer.scala:842)
	at scala.meta.internal.metals.CancelTokens$.$anonfun$apply$2(CancelTokens.scala:24)
	at scala.concurrent.Future$.$anonfun$apply$1(Future.scala:658)
	at scala.util.Success.$anonfun$map$1(Try.scala:255)
	at scala.util.Success.map(Try.scala:213)
	at scala.concurrent.Future.$anonfun$map$1(Future.scala:292)
	at scala.concurrent.impl.Promise.liftedTree1$1(Promise.scala:33)
	at scala.concurrent.impl.Promise.$anonfun$transform$1(Promise.scala:33)
	at scala.concurrent.impl.CallbackRunnable.run(Promise.scala:64)
	at java.util.concurrent.ThreadPoolExecutor.runWorker(ThreadPoolExecutor.java:1149)
	at java.util.concurrent.ThreadPoolExecutor$Worker.run(ThreadPoolExecutor.java:624)
	at java.lang.Thread.run(Thread.java:748)

May 01, 2019 8:00:53 PM scala.meta.internal.pc.Completions completionPosition
SEVERE: null
java.lang.NullPointerException
	at scala.meta.internal.pc.Completions$CompletionPosition$Override.<init>(Completions.scala:932)
	at scala.meta.internal.pc.Completions.completionPositionUnsafe(Completions.scala:451)
	at scala.meta.internal.pc.Completions.completionPositionUnsafe$(Completions.scala:374)
	at scala.meta.internal.pc.MetalsGlobal.completionPositionUnsafe(MetalsGlobal.scala:22)
	at scala.meta.internal.pc.Completions.completionPosition(Completions.scala:367)
	at scala.meta.internal.pc.Completions.completionPosition$(Completions.scala:358)
	at scala.meta.internal.pc.MetalsGlobal.completionPosition(MetalsGlobal.scala:22)
	at scala.meta.internal.pc.CompletionProvider.safeCompletionsAt(CompletionProvider.scala:373)
	at scala.meta.internal.pc.CompletionProvider.completions(CompletionProvider.scala:47)
	at scala.meta.internal.pc.ScalaPresentationCompiler.$anonfun$complete$1(ScalaPresentationCompiler.scala:83)
	at scala.meta.internal.pc.CompilerAccess.withSharedCompiler(CompilerAccess.scala:91)
	at scala.meta.internal.pc.CompilerAccess.withCancelableCompiler(CompilerAccess.scala:73)
	at scala.meta.internal.pc.ScalaPresentationCompiler.complete(ScalaPresentationCompiler.scala:82)
	at scala.meta.internal.metals.Compilers.$anonfun$completions$1(Compilers.scala:144)
	at scala.meta.internal.metals.Compilers.$anonfun$withPC$1(Compilers.scala:229)
	at scala.Option.map(Option.scala:163)
	at scala.meta.internal.metals.Compilers.withPC(Compilers.scala:224)
	at scala.meta.internal.metals.Compilers.completions(Compilers.scala:142)
	at scala.meta.internal.metals.MetalsLanguageServer.$anonfun$completion$1(MetalsLanguageServer.scala:842)
	at scala.meta.internal.metals.CancelTokens$.$anonfun$apply$2(CancelTokens.scala:24)
	at scala.concurrent.Future$.$anonfun$apply$1(Future.scala:658)
	at scala.util.Success.$anonfun$map$1(Try.scala:255)
	at scala.util.Success.map(Try.scala:213)
	at scala.concurrent.Future.$anonfun$map$1(Future.scala:292)
	at scala.concurrent.impl.Promise.liftedTree1$1(Promise.scala:33)
	at scala.concurrent.impl.Promise.$anonfun$transform$1(Promise.scala:33)
	at scala.concurrent.impl.CallbackRunnable.run(Promise.scala:64)
	at java.util.concurrent.ThreadPoolExecutor.runWorker(ThreadPoolExecutor.java:1149)
	at java.util.concurrent.ThreadPoolExecutor$Worker.run(ThreadPoolExecutor.java:624)
	at java.lang.Thread.run(Thread.java:748)

something's wrong: no file:///home/grahamingokho/code/scalawithplay/app/models/Artist.scala in Seq[<error>]RangePosition(file:///home/grahamingokho/code/scalawithplay/app/models/Artist.scala, 704, 704, 717)
something's wrong: no file:///home/grahamingokho/code/scalawithplay/app/models/Artist.scala in Seq[<error>]RangePosition(file:///home/grahamingokho/code/scalawithplay/app/models/Artist.scala, 704, 704, 710)
something's wrong: no file:///home/grahamingokho/code/scalawithplay/app/models/Artist.scala in Seq[models.Artist]RangePosition(file:///home/grahamingokho/code/scalawithplay/app/models/Artist.scala, 704, 704, 715)
something's wrong: no file:///home/grahamingokho/code/scalawithplay/app/models/Artist.scala in Seq[<error>]RangePosition(file:///home/grahamingokho/code/scalawithplay/app/models/Artist.scala, 825, 825, 838)
something's wrong: no file:///home/grahamingokho/code/scalawithplay/app/models/Artist.scala in Seq[<error>]RangePosition(file:///home/grahamingokho/code/scalawithplay/app/models/Artist.scala, 825, 825, 831)
something's wrong: no file:///home/grahamingokho/code/scalawithplay/app/models/Artist.scala in Seq[<error>]RangePosition(file:///home/grahamingokho/code/scalawithplay/app/models/Artist.scala, 825, 825, 832)
something's wrong: no file:///home/grahamingokho/code/scalawithplay/app/models/Artist.scala in Seq[<error>]RangePosition(file:///home/grahamingokho/code/scalawithplay/app/models/Artist.scala, 825, 825, 833)
something's wrong: no file:///home/grahamingokho/code/scalawithplay/app/models/Artist.scala in Seq[models.Artist]RangePosition(file:///home/grahamingokho/code/scalawithplay/app/models/Artist.scala, 825, 825, 836)
something's wrong: no file:///home/grahamingokho/code/scalawithplay/app/models/Artist.scala in Seq[<error>]RangePosition(file:///home/grahamingokho/code/scalawithplay/app/models/Artist.scala, 969, 969, 982)
something's wrong: no file:///home/grahamingokho/code/scalawithplay/app/models/Artist.scala in Seq[<error>]RangePosition(file:///home/grahamingokho/code/scalawithplay/app/models/Artist.scala, 969, 969, 975)
something's wrong: no file:///home/grahamingokho/code/scalawithplay/app/models/Artist.scala in Seq[<error>]RangePosition(file:///home/grahamingokho/code/scalawithplay/app/models/Artist.scala, 969, 969, 976)
something's wrong: no file:///home/grahamingokho/code/scalawithplay/app/models/Artist.scala in Seq[<error>]RangePosition(file:///home/grahamingokho/code/scalawithplay/app/models/Artist.scala, 969, 969, 977)
something's wrong: no file:///home/grahamingokho/code/scalawithplay/app/models/Artist.scala in Seq[models.Artist]RangePosition(file:///home/grahamingokho/code/scalawithplay/app/models/Artist.scala, 969, 969, 980)
something's wrong: no file:///home/grahamingokho/code/scalawithplay/app/models/Artist.scala in Seq[models.Artist]RangePosition(file:///home/grahamingokho/code/scalawithplay/app/models/Artist.scala, 969, 969, 980)
something's wrong: no file:///home/grahamingokho/code/scalawithplay/app/models/Artist.scala in Seq[models.Artist]RangePosition(file:///home/grahamingokho/code/scalawithplay/app/models/Artist.scala, 969, 969, 980)
something's wrong: no file:///home/grahamingokho/code/scalawithplay/app/models/Artist.scala in Seq[<error>]RangePosition(file:///home/grahamingokho/code/scalawithplay/app/models/Artist.scala, 1137, 1137, 1150)
something's wrong: no file:///home/grahamingokho/code/scalawithplay/app/models/Artist.scala in Seq[<error>]RangePosition(file:///home/grahamingokho/code/scalawithplay/app/models/Artist.scala, 1137, 1137, 1143)
something's wrong: no file:///home/grahamingokho/code/scalawithplay/app/models/Artist.scala in Seq[<error>]RangePosition(file:///home/grahamingokho/code/scalawithplay/app/models/Artist.scala, 1137, 1137, 1144)
something's wrong: no file:///home/grahamingokho/code/scalawithplay/app/models/Artist.scala in Seq[models.Artist]RangePosition(file:///home/grahamingokho/code/scalawithplay/app/models/Artist.scala, 1137, 1137, 1148)
something's wrong: no file:///home/grahamingokho/code/scalawithplay/app/models/Artist.scala in Seq[models.Artist]RangePosition(file:///home/grahamingokho/code/scalawithplay/app/models/Artist.scala, 1137, 1137, 1148)
something's wrong: no file:///home/grahamingokho/code/scalawithplay/app/models/Artist.scala in Seq[models.Artist]RangePosition(file:///home/grahamingokho/code/scalawithplay/app/models/Artist.scala, 1137, 1137, 1148)
May 01, 2019 8:11:57 PM scala.meta.internal.pc.CompilerAccess handleError
SEVERE: String index out of range: 2
java.lang.StringIndexOutOfBoundsException: String index out of range: 2
	at java.lang.String.charAt(String.java:658)
	at scala.meta.internal.pc.Completions.isSnippetEnabled(Completions.scala:1607)
	at scala.meta.internal.pc.Completions.isSnippetEnabled$(Completions.scala:1606)
	at scala.meta.internal.pc.MetalsGlobal.isSnippetEnabled(MetalsGlobal.scala:22)
	at scala.meta.internal.pc.CompletionProvider.completions(CompletionProvider.scala:46)

May 01, 2019 8:11:57 PM scala.meta.internal.pc.CompilerAccess handleError
SEVERE: String index out of range: 3
java.lang.StringIndexOutOfBoundsException: String index out of range: 3
	at java.lang.String.charAt(String.java:658)
	at scala.meta.internal.pc.Completions.isSnippetEnabled(Completions.scala:1607)
	at scala.meta.internal.pc.Completions.isSnippetEnabled$(Completions.scala:1606)
	at scala.meta.internal.pc.MetalsGlobal.isSnippetEnabled(MetalsGlobal.scala:22)
	at scala.meta.internal.pc.CompletionProvider.completions(CompletionProvider.scala:46)

May 01, 2019 8:11:58 PM scala.meta.internal.pc.CompilerAccess handleError
SEVERE: String index out of range: 4
java.lang.StringIndexOutOfBoundsException: String index out of range: 4
	at java.lang.String.charAt(String.java:658)
	at scala.meta.internal.pc.Completions.isSnippetEnabled(Completions.scala:1607)
	at scala.meta.internal.pc.Completions.isSnippetEnabled$(Completions.scala:1606)
	at scala.meta.internal.pc.MetalsGlobal.isSnippetEnabled(MetalsGlobal.scala:22)
	at scala.meta.internal.pc.CompletionProvider.completions(CompletionProvider.scala:46)

May 01, 2019 8:11:58 PM scala.meta.internal.pc.CompilerAccess handleError
SEVERE: String index out of range: 5
java.lang.StringIndexOutOfBoundsException: String index out of range: 5
	at java.lang.String.charAt(String.java:658)
	at scala.meta.internal.pc.Completions.isSnippetEnabled(Completions.scala:1607)
	at scala.meta.internal.pc.Completions.isSnippetEnabled$(Completions.scala:1606)
	at scala.meta.internal.pc.MetalsGlobal.isSnippetEnabled(MetalsGlobal.scala:22)
	at scala.meta.internal.pc.CompletionProvider.completions(CompletionProvider.scala:46)

May 01, 2019 8:11:58 PM scala.meta.internal.pc.CompilerAccess handleError
SEVERE: String index out of range: 6
java.lang.StringIndexOutOfBoundsException: String index out of range: 6
	at java.lang.String.charAt(String.java:658)
	at scala.meta.internal.pc.Completions.isSnippetEnabled(Completions.scala:1607)
	at scala.meta.internal.pc.Completions.isSnippetEnabled$(Completions.scala:1606)
	at scala.meta.internal.pc.MetalsGlobal.isSnippetEnabled(MetalsGlobal.scala:22)
	at scala.meta.internal.pc.CompletionProvider.completions(CompletionProvider.scala:46)

May 01, 2019 8:11:58 PM scala.meta.internal.pc.CompilerAccess handleError
SEVERE: String index out of range: 7
java.lang.StringIndexOutOfBoundsException: String index out of range: 7
	at java.lang.String.charAt(String.java:658)
	at scala.meta.internal.pc.Completions.isSnippetEnabled(Completions.scala:1607)
	at scala.meta.internal.pc.Completions.isSnippetEnabled$(Completions.scala:1606)
	at scala.meta.internal.pc.MetalsGlobal.isSnippetEnabled(MetalsGlobal.scala:22)
	at scala.meta.internal.pc.CompletionProvider.completions(CompletionProvider.scala:46)

May 01, 2019 8:11:58 PM scala.meta.internal.pc.CompilerAccess handleError
SEVERE: String index out of range: 9
java.lang.StringIndexOutOfBoundsException: String index out of range: 9
	at java.lang.String.charAt(String.java:658)
	at scala.meta.internal.pc.Completions.isSnippetEnabled(Completions.scala:1607)
	at scala.meta.internal.pc.Completions.isSnippetEnabled$(Completions.scala:1606)
	at scala.meta.internal.pc.MetalsGlobal.isSnippetEnabled(MetalsGlobal.scala:22)
	at scala.meta.internal.pc.CompletionProvider.completions(CompletionProvider.scala:46)

May 01, 2019 8:11:59 PM scala.meta.internal.pc.CompilerAccess handleError
SEVERE: String index out of range: 10
java.lang.StringIndexOutOfBoundsException: String index out of range: 10
	at java.lang.String.charAt(String.java:658)
	at scala.meta.internal.pc.Completions.isSnippetEnabled(Completions.scala:1607)
	at scala.meta.internal.pc.Completions.isSnippetEnabled$(Completions.scala:1606)
	at scala.meta.internal.pc.MetalsGlobal.isSnippetEnabled(MetalsGlobal.scala:22)
	at scala.meta.internal.pc.CompletionProvider.completions(CompletionProvider.scala:46)

May 01, 2019 8:11:59 PM scala.meta.internal.pc.CompilerAccess handleError
SEVERE: String index out of range: 11
java.lang.StringIndexOutOfBoundsException: String index out of range: 11
	at java.lang.String.charAt(String.java:658)
	at scala.meta.internal.pc.Completions.isSnippetEnabled(Completions.scala:1607)
	at scala.meta.internal.pc.Completions.isSnippetEnabled$(Completions.scala:1606)
	at scala.meta.internal.pc.MetalsGlobal.isSnippetEnabled(MetalsGlobal.scala:22)
	at scala.meta.internal.pc.CompletionProvider.completions(CompletionProvider.scala:46)

May 01, 2019 8:12:00 PM scala.meta.internal.pc.CompilerAccess handleError
SEVERE: String index out of range: 12
java.lang.StringIndexOutOfBoundsException: String index out of range: 12
	at java.lang.String.charAt(String.java:658)
	at scala.meta.internal.pc.Completions.isSnippetEnabled(Completions.scala:1607)
	at scala.meta.internal.pc.Completions.isSnippetEnabled$(Completions.scala:1606)
	at scala.meta.internal.pc.MetalsGlobal.isSnippetEnabled(MetalsGlobal.scala:22)
	at scala.meta.internal.pc.CompletionProvider.completions(CompletionProvider.scala:46)

May 01, 2019 8:12:00 PM scala.meta.internal.pc.CompilerAccess handleError
SEVERE: String index out of range: 13
java.lang.StringIndexOutOfBoundsException: String index out of range: 13
	at java.lang.String.charAt(String.java:658)
	at scala.meta.internal.pc.Completions.isSnippetEnabled(Completions.scala:1607)
	at scala.meta.internal.pc.Completions.isSnippetEnabled$(Completions.scala:1606)
	at scala.meta.internal.pc.MetalsGlobal.isSnippetEnabled(MetalsGlobal.scala:22)
	at scala.meta.internal.pc.CompletionProvider.completions(CompletionProvider.scala:46)

May 01, 2019 8:12:00 PM scala.meta.internal.pc.CompilerAccess handleError
SEVERE: String index out of range: 14
java.lang.StringIndexOutOfBoundsException: String index out of range: 14
	at java.lang.String.charAt(String.java:658)
	at scala.meta.internal.pc.Completions.isSnippetEnabled(Completions.scala:1607)
	at scala.meta.internal.pc.Completions.isSnippetEnabled$(Completions.scala:1606)
	at scala.meta.internal.pc.MetalsGlobal.isSnippetEnabled(MetalsGlobal.scala:22)
	at scala.meta.internal.pc.CompletionProvider.completions(CompletionProvider.scala:46)

May 01, 2019 8:12:00 PM scala.meta.internal.pc.CompilerAccess handleError
SEVERE: String index out of range: 15
java.lang.StringIndexOutOfBoundsException: String index out of range: 15
	at java.lang.String.charAt(String.java:658)
	at scala.meta.internal.pc.Completions.isSnippetEnabled(Completions.scala:1607)
	at scala.meta.internal.pc.Completions.isSnippetEnabled$(Completions.scala:1606)
	at scala.meta.internal.pc.MetalsGlobal.isSnippetEnabled(MetalsGlobal.scala:22)
	at scala.meta.internal.pc.CompletionProvider.completions(CompletionProvider.scala:46)

May 01, 2019 8:12:00 PM scala.meta.internal.pc.CompilerAccess handleError
SEVERE: String index out of range: 16
java.lang.StringIndexOutOfBoundsException: String index out of range: 16
	at java.lang.String.charAt(String.java:658)
	at scala.meta.internal.pc.Completions.isSnippetEnabled(Completions.scala:1607)
	at scala.meta.internal.pc.Completions.isSnippetEnabled$(Completions.scala:1606)
	at scala.meta.internal.pc.MetalsGlobal.isSnippetEnabled(MetalsGlobal.scala:22)
	at scala.meta.internal.pc.CompletionProvider.completions(CompletionProvider.scala:46)

May 01, 2019 8:12:00 PM scala.meta.internal.pc.CompilerAccess handleError
SEVERE: String index out of range: 17
java.lang.StringIndexOutOfBoundsException: String index out of range: 17
	at java.lang.String.charAt(String.java:658)
	at scala.meta.internal.pc.Completions.isSnippetEnabled(Completions.scala:1607)
	at scala.meta.internal.pc.Completions.isSnippetEnabled$(Completions.scala:1606)
	at scala.meta.internal.pc.MetalsGlobal.isSnippetEnabled(MetalsGlobal.scala:22)
	at scala.meta.internal.pc.CompletionProvider.completions(CompletionProvider.scala:46)

May 01, 2019 8:12:00 PM scala.meta.internal.pc.CompilerAccess handleError
SEVERE: String index out of range: 18
java.lang.StringIndexOutOfBoundsException: String index out of range: 18
	at java.lang.String.charAt(String.java:658)
	at scala.meta.internal.pc.Completions.isSnippetEnabled(Completions.scala:1607)
	at scala.meta.internal.pc.Completions.isSnippetEnabled$(Completions.scala:1606)
	at scala.meta.internal.pc.MetalsGlobal.isSnippetEnabled(MetalsGlobal.scala:22)
	at scala.meta.internal.pc.CompletionProvider.completions(CompletionProvider.scala:46)

May 01, 2019 8:12:01 PM scala.meta.internal.pc.CompilerAccess handleError
SEVERE: String index out of range: 19
java.lang.StringIndexOutOfBoundsException: String index out of range: 19
	at java.lang.String.charAt(String.java:658)
	at scala.meta.internal.pc.Completions.isSnippetEnabled(Completions.scala:1607)
	at scala.meta.internal.pc.Completions.isSnippetEnabled$(Completions.scala:1606)
	at scala.meta.internal.pc.MetalsGlobal.isSnippetEnabled(MetalsGlobal.scala:22)
	at scala.meta.internal.pc.CompletionProvider.completions(CompletionProvider.scala:46)

May 01, 2019 8:12:21 PM scala.meta.internal.pc.CompilerAccess handleError
SEVERE: null
java.lang.NullPointerException
	at scala.meta.internal.pc.HoverProvider.hover(HoverProvider.scala:37)

something's wrong: no file:///home/grahamingokho/code/scalawithplay/app/controllers/Application.scala in Option[<error>]RangePosition(file:///home/grahamingokho/code/scalawithplay/app/controllers/Application.scala, 680, 680, 696)
something's wrong: no file:///home/grahamingokho/code/scalawithplay/app/controllers/Application.scala in Option[<error>]RangePosition(file:///home/grahamingokho/code/scalawithplay/app/controllers/Application.scala, 680, 680, 689)
something's wrong: no file:///home/grahamingokho/code/scalawithplay/app/controllers/Application.scala in Option[<error>]RangePosition(file:///home/grahamingokho/code/scalawithplay/app/controllers/Application.scala, 680, 680, 691)
something's wrong: no file:///home/grahamingokho/code/scalawithplay/app/controllers/Application.scala in Option[<error>]RangePosition(file:///home/grahamingokho/code/scalawithplay/app/controllers/Application.scala, 680, 680, 692)
something's wrong: no file:///home/grahamingokho/code/scalawithplay/app/controllers/Application.scala in Option[String]RangePosition(file:///home/grahamingokho/code/scalawithplay/app/controllers/Application.scala, 680, 680, 694)
something's wrong: no file:///home/grahamingokho/code/scalawithplay/app/controllers/Application.scala in Option[String]RangePosition(file:///home/grahamingokho/code/scalawithplay/app/controllers/Application.scala, 680, 680, 694)
something's wrong: no file:///home/grahamingokho/code/scalawithplay/app/controllers/Application.scala in Option[String]RangePosition(file:///home/grahamingokho/code/scalawithplay/app/controllers/Application.scala, 680, 680, 694)
